--------------------|---------|----------|---------|---------|-------------------
File                | % Stmts | % Branch | % Funcs | % Lines | Uncovered Line #s 
--------------------|---------|----------|---------|---------|-------------------
All files           |     100 |      100 |     100 |     100 |                   
 lodash.js          |     100 |      100 |     100 |     100 |                   
 service-methods.js |     100 |      100 |     100 |     100 |                   
--------------------|---------|----------|---------|---------|-------------------
