<?xml version="1.0" encoding="UTF-8"?>
<coverage generated="1677403550906" clover="3.2.0">
  <project timestamp="1677403550906" name="All files">
    <metrics statements="282" coveredstatements="282" conditionals="239" coveredconditionals="239" methods="33" coveredmethods="33" elements="554" coveredelements="554" complexity="0" loc="282" ncloc="282" packages="1" files="2" classes="2"/>
    <file name="lodash.js" path="/Users/ritakisil/Desktop/practice/rss-lithuania/inheritance/costom methods/lodash.js">
      <metrics statements="249" coveredstatements="249" conditionals="215" coveredconditionals="215" methods="28" coveredmethods="28"/>
      <line num="7" count="1" type="stmt"/>
      <line num="11" count="13" type="stmt"/>
      <line num="12" count="13" type="cond" truecount="5" falsecount="0"/>
      <line num="13" count="3" type="stmt"/>
      <line num="15" count="10" type="cond" truecount="2" falsecount="0"/>
      <line num="16" count="1" type="stmt"/>
      <line num="18" count="9" type="cond" truecount="2" falsecount="0"/>
      <line num="23" count="4" type="stmt"/>
      <line num="27" count="5" type="stmt"/>
      <line num="28" count="13" type="stmt"/>
      <line num="30" count="5" type="stmt"/>
      <line num="34" count="6" type="cond" truecount="4" falsecount="0"/>
      <line num="35" count="2" type="stmt"/>
      <line num="37" count="4" type="cond" truecount="2" falsecount="0"/>
      <line num="38" count="1" type="stmt"/>
      <line num="40" count="15" type="stmt"/>
      <line num="44" count="16" type="stmt"/>
      <line num="45" count="16" type="cond" truecount="5" falsecount="0"/>
      <line num="46" count="3" type="stmt"/>
      <line num="48" count="13" type="cond" truecount="2" falsecount="0"/>
      <line num="49" count="1" type="stmt"/>
      <line num="51" count="12" type="cond" truecount="2" falsecount="0"/>
      <line num="57" count="4" type="stmt"/>
      <line num="61" count="8" type="stmt"/>
      <line num="65" count="8" type="cond" truecount="5" falsecount="0"/>
      <line num="66" count="3" type="stmt"/>
      <line num="68" count="5" type="cond" truecount="2" falsecount="0"/>
      <line num="69" count="1" type="stmt"/>
      <line num="73" count="4" type="cond" truecount="4" falsecount="0"/>
      <line num="74" count="1" type="stmt"/>
      <line num="75" count="1" type="stmt"/>
      <line num="76" count="3" type="stmt"/>
      <line num="77" count="5" type="stmt"/>
      <line num="78" count="5" type="cond" truecount="2" falsecount="0"/>
      <line num="79" count="2" type="stmt"/>
      <line num="80" count="2" type="stmt"/>
      <line num="84" count="1" type="stmt"/>
      <line num="86" count="3" type="cond" truecount="2" falsecount="0"/>
      <line num="87" count="1" type="stmt"/>
      <line num="89" count="3" type="cond" truecount="2" falsecount="0"/>
      <line num="90" count="1" type="stmt"/>
      <line num="91" count="1" type="stmt"/>
      <line num="92" count="3" type="stmt"/>
      <line num="94" count="3" type="cond" truecount="2" falsecount="0"/>
      <line num="95" count="1" type="stmt"/>
      <line num="96" count="1" type="stmt"/>
      <line num="98" count="3" type="stmt"/>
      <line num="99" count="7" type="cond" truecount="2" falsecount="0"/>
      <line num="100" count="3" type="stmt"/>
      <line num="101" count="3" type="stmt"/>
      <line num="104" count="3" type="stmt"/>
      <line num="108" count="11" type="cond" truecount="4" falsecount="0"/>
      <line num="109" count="2" type="stmt"/>
      <line num="111" count="9" type="cond" truecount="2" falsecount="0"/>
      <line num="112" count="1" type="stmt"/>
      <line num="114" count="8" type="cond" truecount="2" falsecount="0"/>
      <line num="120" count="5" type="stmt"/>
      <line num="125" count="3" type="stmt"/>
      <line num="126" count="3" type="stmt"/>
      <line num="130" count="10" type="cond" truecount="4" falsecount="0"/>
      <line num="131" count="2" type="stmt"/>
      <line num="133" count="8" type="cond" truecount="2" falsecount="0"/>
      <line num="134" count="1" type="stmt"/>
      <line num="136" count="7" type="cond" truecount="4" falsecount="0"/>
      <line num="137" count="3" type="stmt"/>
      <line num="143" count="4" type="cond" truecount="4" falsecount="0"/>
      <line num="144" count="1" type="stmt"/>
      <line num="145" count="1" type="stmt"/>
      <line num="146" count="4" type="stmt"/>
      <line num="147" count="2" type="stmt"/>
      <line num="149" count="1" type="stmt"/>
      <line num="151" count="3" type="cond" truecount="2" falsecount="0"/>
      <line num="152" count="1" type="stmt"/>
      <line num="154" count="3" type="cond" truecount="2" falsecount="0"/>
      <line num="155" count="1" type="stmt"/>
      <line num="156" count="1" type="stmt"/>
      <line num="157" count="2" type="stmt"/>
      <line num="159" count="3" type="cond" truecount="2" falsecount="0"/>
      <line num="160" count="1" type="stmt"/>
      <line num="161" count="2" type="stmt"/>
      <line num="163" count="3" type="stmt"/>
      <line num="164" count="3" type="stmt"/>
      <line num="168" count="6" type="cond" truecount="2" falsecount="0"/>
      <line num="169" count="1" type="stmt"/>
      <line num="171" count="5" type="cond" truecount="2" falsecount="0"/>
      <line num="172" count="1" type="stmt"/>
      <line num="176" count="4" type="cond" truecount="4" falsecount="0"/>
      <line num="177" count="1" type="stmt"/>
      <line num="178" count="1" type="stmt"/>
      <line num="180" count="3" type="stmt"/>
      <line num="181" count="4" type="cond" truecount="2" falsecount="0"/>
      <line num="182" count="2" type="stmt"/>
      <line num="183" count="2" type="stmt"/>
      <line num="185" count="2" type="stmt"/>
      <line num="188" count="3" type="stmt"/>
      <line num="191" count="4" type="cond" truecount="2" falsecount="0"/>
      <line num="192" count="1" type="stmt"/>
      <line num="194" count="4" type="cond" truecount="2" falsecount="0"/>
      <line num="195" count="1" type="stmt"/>
      <line num="196" count="1" type="stmt"/>
      <line num="197" count="2" type="stmt"/>
      <line num="199" count="4" type="cond" truecount="2" falsecount="0"/>
      <line num="200" count="1" type="stmt"/>
      <line num="201" count="1" type="stmt"/>
      <line num="203" count="4" type="stmt"/>
      <line num="204" count="4" type="stmt"/>
      <line num="208" count="16" type="cond" truecount="4" falsecount="0"/>
      <line num="209" count="1" type="stmt"/>
      <line num="211" count="15" type="cond" truecount="2" falsecount="0"/>
      <line num="212" count="1" type="stmt"/>
      <line num="214" count="14" type="stmt"/>
      <line num="215" count="14" type="cond" truecount="4" falsecount="0"/>
      <line num="216" count="1" type="stmt"/>
      <line num="217" count="4" type="cond" truecount="2" falsecount="0"/>
      <line num="218" count="1" type="stmt"/>
      <line num="219" count="1" type="stmt"/>
      <line num="222" count="1" type="stmt"/>
      <line num="224" count="13" type="stmt"/>
      <line num="225" count="30" type="cond" truecount="2" falsecount="0"/>
      <line num="226" count="10" type="stmt"/>
      <line num="227" count="10" type="stmt"/>
      <line num="230" count="13" type="stmt"/>
      <line num="234" count="7" type="cond" truecount="2" falsecount="0"/>
      <line num="235" count="1" type="stmt"/>
      <line num="237" count="6" type="cond" truecount="2" falsecount="0"/>
      <line num="238" count="1" type="stmt"/>
      <line num="240" count="5" type="cond" truecount="2" falsecount="0"/>
      <line num="246" count="3" type="stmt"/>
      <line num="248" count="2" type="stmt"/>
      <line num="250" count="2" type="cond" truecount="2" falsecount="0"/>
      <line num="252" count="1" type="stmt"/>
      <line num="253" count="1" type="stmt"/>
      <line num="255" count="2" type="stmt"/>
      <line num="256" count="1" type="stmt"/>
      <line num="258" count="2" type="stmt"/>
      <line num="259" count="4" type="stmt"/>
      <line num="261" count="2" type="stmt"/>
      <line num="265" count="5" type="cond" truecount="2" falsecount="0"/>
      <line num="266" count="1" type="stmt"/>
      <line num="268" count="4" type="cond" truecount="4" falsecount="0"/>
      <line num="269" count="1" type="stmt"/>
      <line num="271" count="3" type="stmt"/>
      <line num="272" count="3" type="stmt"/>
      <line num="273" count="3" type="stmt"/>
      <line num="274" count="8" type="cond" truecount="2" falsecount="0"/>
      <line num="275" count="1" type="stmt"/>
      <line num="277" count="7" type="cond" truecount="2" falsecount="0"/>
      <line num="278" count="1" type="stmt"/>
      <line num="281" count="1" type="stmt"/>
      <line num="282" count="2" type="stmt"/>
      <line num="283" count="2" type="stmt"/>
      <line num="284" count="6" type="stmt"/>
      <line num="286" count="2" type="stmt"/>
      <line num="288" count="1" type="stmt"/>
      <line num="293" count="8" type="cond" truecount="2" falsecount="0"/>
      <line num="298" count="3" type="stmt"/>
      <line num="300" count="5" type="cond" truecount="2" falsecount="0"/>
      <line num="301" count="1" type="stmt"/>
      <line num="303" count="4" type="stmt"/>
      <line num="304" count="4" type="cond" truecount="2" falsecount="0"/>
      <line num="309" count="1" type="stmt"/>
      <line num="311" count="3" type="stmt"/>
      <line num="312" count="3" type="stmt"/>
      <line num="313" count="3" type="stmt"/>
      <line num="314" count="3" type="cond" truecount="2" falsecount="0"/>
      <line num="315" count="2" type="cond" truecount="2" falsecount="0"/>
      <line num="316" count="1" type="stmt"/>
      <line num="317" count="2" type="stmt"/>
      <line num="318" count="2" type="stmt"/>
      <line num="323" count="1" type="stmt"/>
      <line num="327" count="3" type="stmt"/>
      <line num="331" count="6" type="cond" truecount="2" falsecount="0"/>
      <line num="336" count="3" type="stmt"/>
      <line num="338" count="3" type="cond" truecount="4" falsecount="0"/>
      <line num="339" count="1" type="stmt"/>
      <line num="341" count="2" type="stmt"/>
      <line num="342" count="2" type="cond" truecount="2" falsecount="0"/>
      <line num="343" count="1" type="stmt"/>
      <line num="344" count="3" type="stmt"/>
      <line num="346" count="1" type="stmt"/>
      <line num="348" count="1" type="stmt"/>
      <line num="349" count="3" type="cond" truecount="2" falsecount="0"/>
      <line num="350" count="1" type="stmt"/>
      <line num="353" count="1" type="stmt"/>
      <line num="357" count="6" type="cond" truecount="2" falsecount="0"/>
      <line num="362" count="3" type="stmt"/>
      <line num="364" count="3" type="stmt"/>
      <line num="365" count="3" type="cond" truecount="2" falsecount="0"/>
      <line num="366" count="1" type="stmt"/>
      <line num="367" count="3" type="stmt"/>
      <line num="369" count="1" type="stmt"/>
      <line num="371" count="2" type="cond" truecount="2" falsecount="0"/>
      <line num="372" count="1" type="stmt"/>
      <line num="374" count="1" type="stmt"/>
      <line num="375" count="3" type="stmt"/>
      <line num="376" count="3" type="cond" truecount="2" falsecount="0"/>
      <line num="377" count="1" type="stmt"/>
      <line num="380" count="1" type="stmt"/>
      <line num="384" count="6" type="cond" truecount="2" falsecount="0"/>
      <line num="389" count="3" type="stmt"/>
      <line num="391" count="3" type="cond" truecount="4" falsecount="0"/>
      <line num="392" count="1" type="stmt"/>
      <line num="394" count="2" type="stmt"/>
      <line num="395" count="2" type="cond" truecount="2" falsecount="0"/>
      <line num="396" count="1" type="stmt"/>
      <line num="397" count="3" type="stmt"/>
      <line num="399" count="1" type="stmt"/>
      <line num="401" count="1" type="stmt"/>
      <line num="402" count="3" type="cond" truecount="2" falsecount="0"/>
      <line num="403" count="2" type="stmt"/>
      <line num="406" count="1" type="stmt"/>
      <line num="410" count="6" type="cond" truecount="2" falsecount="0"/>
      <line num="415" count="3" type="stmt"/>
      <line num="417" count="3" type="cond" truecount="4" falsecount="0"/>
      <line num="418" count="1" type="stmt"/>
      <line num="420" count="2" type="stmt"/>
      <line num="421" count="2" type="cond" truecount="2" falsecount="0"/>
      <line num="422" count="1" type="stmt"/>
      <line num="423" count="3" type="stmt"/>
      <line num="425" count="1" type="stmt"/>
      <line num="427" count="1" type="stmt"/>
      <line num="428" count="3" type="stmt"/>
      <line num="429" count="3" type="cond" truecount="2" falsecount="0"/>
      <line num="430" count="2" type="stmt"/>
      <line num="433" count="1" type="stmt"/>
      <line num="437" count="6" type="cond" truecount="2" falsecount="0"/>
      <line num="442" count="3" type="stmt"/>
      <line num="444" count="3" type="stmt"/>
      <line num="445" count="3" type="cond" truecount="2" falsecount="0"/>
      <line num="446" count="1" type="stmt"/>
      <line num="447" count="3" type="stmt"/>
      <line num="448" count="3" type="stmt"/>
      <line num="449" count="3" type="stmt"/>
      <line num="450" count="3" type="stmt"/>
      <line num="452" count="1" type="stmt"/>
      <line num="454" count="2" type="cond" truecount="2" falsecount="0"/>
      <line num="455" count="1" type="stmt"/>
      <line num="456" count="3" type="stmt"/>
      <line num="457" count="3" type="stmt"/>
      <line num="458" count="3" type="stmt"/>
      <line num="459" count="3" type="stmt"/>
      <line num="461" count="1" type="stmt"/>
      <line num="463" count="1" type="stmt"/>
      <line num="464" count="3" type="stmt"/>
      <line num="465" count="3" type="stmt"/>
      <line num="466" count="3" type="stmt"/>
      <line num="467" count="3" type="stmt"/>
      <line num="469" count="1" type="stmt"/>
      <line num="473" count="1" type="stmt"/>
    </file>
    <file name="service-methods.js" path="/Users/ritakisil/Desktop/practice/rss-lithuania/inheritance/costom methods/service-methods.js">
      <metrics statements="33" coveredstatements="33" conditionals="24" coveredconditionals="24" methods="5" coveredmethods="5"/>
      <line num="2" count="123" type="stmt"/>
      <line num="3" count="123" type="stmt"/>
      <line num="5" count="123" type="stmt"/>
      <line num="10" count="35" type="stmt"/>
      <line num="11" count="35" type="stmt"/>
      <line num="13" count="35" type="cond" truecount="2" falsecount="0"/>
      <line num="14" count="1" type="stmt"/>
      <line num="16" count="34" type="cond" truecount="4" falsecount="0"/>
      <line num="17" count="13" type="stmt"/>
      <line num="19" count="34" type="cond" truecount="4" falsecount="0"/>
      <line num="20" count="8" type="stmt"/>
      <line num="23" count="34" type="cond" truecount="4" falsecount="0"/>
      <line num="24" count="1" type="stmt"/>
      <line num="26" count="34" type="cond" truecount="4" falsecount="0"/>
      <line num="27" count="1" type="stmt"/>
      <line num="29" count="34" type="cond" truecount="2" falsecount="0"/>
      <line num="30" count="2" type="stmt"/>
      <line num="32" count="32" type="stmt"/>
      <line num="33" count="70" type="stmt"/>
      <line num="35" count="32" type="stmt"/>
      <line num="40" count="5" type="stmt"/>
      <line num="41" count="8" type="cond" truecount="2" falsecount="0"/>
      <line num="42" count="5" type="stmt"/>
      <line num="43" count="5" type="stmt"/>
      <line num="46" count="5" type="stmt"/>
      <line num="50" count="9" type="stmt"/>
      <line num="51" count="9" type="stmt"/>
      <line num="52" count="31" type="cond" truecount="2" falsecount="0"/>
      <line num="53" count="13" type="stmt"/>
      <line num="56" count="9" type="stmt"/>
      <line num="60" count="4" type="stmt"/>
      <line num="61" count="14" type="stmt"/>
      <line num="65" count="2" type="stmt"/>
    </file>
  </project>
</coverage>
