{"/Users/ritakisil/Desktop/practice/rss-lithuania/inheritance/costom methods/lodash.js": {"path":"/Users/ritakisil/Desktop/practice/rss-lithuania/inheritance/costom methods/lodash.js","statementMap":{"0":{"start":{"line":7,"column":4},"end":{"line":7,"column":32}},"1":{"start":{"line":11,"column":19},"end":{"line":11,"column":21}},"2":{"start":{"line":12,"column":4},"end":{"line":14,"column":5}},"3":{"start":{"line":13,"column":6},"end":{"line":13,"column":20}},"4":{"start":{"line":15,"column":4},"end":{"line":17,"column":5}},"5":{"start":{"line":16,"column":6},"end":{"line":16,"column":63}},"6":{"start":{"line":18,"column":4},"end":{"line":20,"column":5}},"7":{"start":{"line":19,"column":6},"end":{"line":19,"column":64}},"8":{"start":{"line":21,"column":4},"end":{"line":23,"column":5}},"9":{"start":{"line":21,"column":17},"end":{"line":21,"column":18}},"10":{"start":{"line":22,"column":6},"end":{"line":22,"column":48}},"11":{"start":{"line":24,"column":4},"end":{"line":24,"column":18}},"12":{"start":{"line":28,"column":4},"end":{"line":30,"column":5}},"13":{"start":{"line":29,"column":6},"end":{"line":29,"column":16}},"14":{"start":{"line":31,"column":4},"end":{"line":33,"column":5}},"15":{"start":{"line":32,"column":6},"end":{"line":32,"column":63}},"16":{"start":{"line":34,"column":4},"end":{"line":34,"column":51}},"17":{"start":{"line":34,"column":34},"end":{"line":34,"column":49}},"18":{"start":{"line":38,"column":19},"end":{"line":38,"column":21}},"19":{"start":{"line":39,"column":4},"end":{"line":41,"column":5}},"20":{"start":{"line":40,"column":6},"end":{"line":40,"column":20}},"21":{"start":{"line":42,"column":4},"end":{"line":44,"column":5}},"22":{"start":{"line":43,"column":6},"end":{"line":43,"column":63}},"23":{"start":{"line":45,"column":4},"end":{"line":47,"column":5}},"24":{"start":{"line":46,"column":6},"end":{"line":46,"column":64}},"25":{"start":{"line":48,"column":4},"end":{"line":48,"column":40}},"26":{"start":{"line":52,"column":4},"end":{"line":54,"column":5}},"27":{"start":{"line":53,"column":6},"end":{"line":53,"column":63}},"28":{"start":{"line":55,"column":4},"end":{"line":57,"column":5}},"29":{"start":{"line":56,"column":6},"end":{"line":56,"column":16}},"30":{"start":{"line":60,"column":4},"end":{"line":72,"column":5}},"31":{"start":{"line":61,"column":18},"end":{"line":61,"column":27}},"32":{"start":{"line":62,"column":6},"end":{"line":70,"column":7}},"33":{"start":{"line":62,"column":19},"end":{"line":62,"column":20}},"34":{"start":{"line":63,"column":8},"end":{"line":69,"column":9}},"35":{"start":{"line":64,"column":10},"end":{"line":64,"column":54}},"36":{"start":{"line":64,"column":31},"end":{"line":64,"column":53}},"37":{"start":{"line":65,"column":10},"end":{"line":68,"column":11}},"38":{"start":{"line":66,"column":12},"end":{"line":66,"column":39}},"39":{"start":{"line":67,"column":12},"end":{"line":67,"column":18}},"40":{"start":{"line":71,"column":6},"end":{"line":71,"column":20}},"41":{"start":{"line":73,"column":4},"end":{"line":75,"column":5}},"42":{"start":{"line":74,"column":6},"end":{"line":74,"column":27}},"43":{"start":{"line":76,"column":4},"end":{"line":80,"column":5}},"44":{"start":{"line":77,"column":18},"end":{"line":77,"column":30}},"45":{"start":{"line":78,"column":20},"end":{"line":78,"column":32}},"46":{"start":{"line":79,"column":6},"end":{"line":79,"column":47}},"47":{"start":{"line":79,"column":27},"end":{"line":79,"column":46}},"48":{"start":{"line":81,"column":4},"end":{"line":84,"column":5}},"49":{"start":{"line":82,"column":19},"end":{"line":82,"column":28}},"50":{"start":{"line":83,"column":6},"end":{"line":83,"column":38}},"51":{"start":{"line":83,"column":27},"end":{"line":83,"column":37}},"52":{"start":{"line":85,"column":4},"end":{"line":90,"column":5}},"53":{"start":{"line":85,"column":17},"end":{"line":85,"column":18}},"54":{"start":{"line":86,"column":6},"end":{"line":89,"column":7}},"55":{"start":{"line":87,"column":8},"end":{"line":87,"column":35}},"56":{"start":{"line":88,"column":8},"end":{"line":88,"column":14}},"57":{"start":{"line":91,"column":4},"end":{"line":91,"column":18}},"58":{"start":{"line":95,"column":4},"end":{"line":97,"column":5}},"59":{"start":{"line":96,"column":6},"end":{"line":96,"column":63}},"60":{"start":{"line":98,"column":4},"end":{"line":100,"column":5}},"61":{"start":{"line":99,"column":6},"end":{"line":99,"column":16}},"62":{"start":{"line":103,"column":4},"end":{"line":110,"column":5}},"63":{"start":{"line":104,"column":18},"end":{"line":104,"column":27}},"64":{"start":{"line":105,"column":6},"end":{"line":108,"column":7}},"65":{"start":{"line":106,"column":8},"end":{"line":106,"column":52}},"66":{"start":{"line":106,"column":29},"end":{"line":106,"column":51}},"67":{"start":{"line":107,"column":8},"end":{"line":107,"column":40}},"68":{"start":{"line":109,"column":6},"end":{"line":109,"column":20}},"69":{"start":{"line":111,"column":4},"end":{"line":113,"column":5}},"70":{"start":{"line":112,"column":6},"end":{"line":112,"column":27}},"71":{"start":{"line":114,"column":4},"end":{"line":118,"column":5}},"72":{"start":{"line":115,"column":18},"end":{"line":115,"column":30}},"73":{"start":{"line":116,"column":20},"end":{"line":116,"column":32}},"74":{"start":{"line":117,"column":6},"end":{"line":117,"column":47}},"75":{"start":{"line":117,"column":27},"end":{"line":117,"column":46}},"76":{"start":{"line":119,"column":4},"end":{"line":122,"column":5}},"77":{"start":{"line":120,"column":19},"end":{"line":120,"column":28}},"78":{"start":{"line":121,"column":6},"end":{"line":121,"column":38}},"79":{"start":{"line":121,"column":27},"end":{"line":121,"column":37}},"80":{"start":{"line":123,"column":4},"end":{"line":123,"column":36}},"81":{"start":{"line":124,"column":4},"end":{"line":124,"column":18}},"82":{"start":{"line":128,"column":4},"end":{"line":130,"column":5}},"83":{"start":{"line":129,"column":6},"end":{"line":129,"column":63}},"84":{"start":{"line":131,"column":4},"end":{"line":133,"column":5}},"85":{"start":{"line":132,"column":6},"end":{"line":132,"column":16}},"86":{"start":{"line":136,"column":4},"end":{"line":150,"column":5}},"87":{"start":{"line":137,"column":18},"end":{"line":137,"column":27}},"88":{"start":{"line":138,"column":6},"end":{"line":149,"column":8}},"89":{"start":{"line":140,"column":8},"end":{"line":147,"column":9}},"90":{"start":{"line":141,"column":10},"end":{"line":146,"column":11}},"91":{"start":{"line":142,"column":12},"end":{"line":142,"column":27}},"92":{"start":{"line":143,"column":12},"end":{"line":143,"column":18}},"93":{"start":{"line":145,"column":12},"end":{"line":145,"column":26}},"94":{"start":{"line":148,"column":8},"end":{"line":148,"column":22}},"95":{"start":{"line":151,"column":4},"end":{"line":153,"column":5}},"96":{"start":{"line":152,"column":6},"end":{"line":152,"column":27}},"97":{"start":{"line":154,"column":4},"end":{"line":158,"column":5}},"98":{"start":{"line":155,"column":18},"end":{"line":155,"column":30}},"99":{"start":{"line":156,"column":20},"end":{"line":156,"column":32}},"100":{"start":{"line":157,"column":6},"end":{"line":157,"column":47}},"101":{"start":{"line":157,"column":27},"end":{"line":157,"column":46}},"102":{"start":{"line":159,"column":4},"end":{"line":162,"column":5}},"103":{"start":{"line":160,"column":19},"end":{"line":160,"column":28}},"104":{"start":{"line":161,"column":6},"end":{"line":161,"column":38}},"105":{"start":{"line":161,"column":27},"end":{"line":161,"column":37}},"106":{"start":{"line":163,"column":4},"end":{"line":163,"column":34}},"107":{"start":{"line":164,"column":4},"end":{"line":164,"column":18}},"108":{"start":{"line":168,"column":4},"end":{"line":170,"column":5}},"109":{"start":{"line":169,"column":6},"end":{"line":169,"column":63}},"110":{"start":{"line":171,"column":17},"end":{"line":171,"column":22}},"111":{"start":{"line":172,"column":4},"end":{"line":177,"column":5}},"112":{"start":{"line":172,"column":17},"end":{"line":172,"column":24}},"113":{"start":{"line":173,"column":6},"end":{"line":176,"column":7}},"114":{"start":{"line":174,"column":8},"end":{"line":174,"column":22}},"115":{"start":{"line":175,"column":8},"end":{"line":175,"column":14}},"116":{"start":{"line":178,"column":4},"end":{"line":178,"column":18}},"117":{"start":{"line":182,"column":4},"end":{"line":184,"column":5}},"118":{"start":{"line":183,"column":6},"end":{"line":183,"column":63}},"119":{"start":{"line":185,"column":19},"end":{"line":185,"column":21}},"120":{"start":{"line":187,"column":4},"end":{"line":194,"column":5}},"121":{"start":{"line":189,"column":8},"end":{"line":189,"column":28}},"122":{"start":{"line":190,"column":8},"end":{"line":190,"column":14}},"123":{"start":{"line":192,"column":8},"end":{"line":192,"column":44}},"124":{"start":{"line":192,"column":29},"end":{"line":192,"column":43}},"125":{"start":{"line":193,"column":8},"end":{"line":193,"column":14}},"126":{"start":{"line":195,"column":4},"end":{"line":197,"column":5}},"127":{"start":{"line":195,"column":17},"end":{"line":195,"column":18}},"128":{"start":{"line":196,"column":6},"end":{"line":196,"column":38}},"129":{"start":{"line":198,"column":4},"end":{"line":198,"column":18}},"130":{"start":{"line":202,"column":4},"end":{"line":204,"column":5}},"131":{"start":{"line":203,"column":6},"end":{"line":203,"column":16}},"132":{"start":{"line":205,"column":4},"end":{"line":207,"column":5}},"133":{"start":{"line":206,"column":6},"end":{"line":206,"column":63}},"134":{"start":{"line":208,"column":4},"end":{"line":210,"column":5}},"135":{"start":{"line":209,"column":6},"end":{"line":209,"column":64}},"136":{"start":{"line":212,"column":4},"end":{"line":212,"column":33}},"137":{"start":{"line":213,"column":4},"end":{"line":213,"column":18}},"138":{"start":{"line":217,"column":4},"end":{"line":219,"column":5}},"139":{"start":{"line":218,"column":6},"end":{"line":218,"column":16}},"140":{"start":{"line":220,"column":19},"end":{"line":220,"column":21}},"141":{"start":{"line":221,"column":23},"end":{"line":221,"column":36}},"142":{"start":{"line":222,"column":4},"end":{"line":229,"column":7}},"143":{"start":{"line":223,"column":6},"end":{"line":225,"column":7}},"144":{"start":{"line":224,"column":8},"end":{"line":224,"column":62}},"145":{"start":{"line":226,"column":6},"end":{"line":228,"column":7}},"146":{"start":{"line":227,"column":8},"end":{"line":227,"column":62}},"147":{"start":{"line":230,"column":4},"end":{"line":236,"column":5}},"148":{"start":{"line":230,"column":17},"end":{"line":230,"column":18}},"149":{"start":{"line":231,"column":20},"end":{"line":231,"column":22}},"150":{"start":{"line":232,"column":6},"end":{"line":234,"column":7}},"151":{"start":{"line":232,"column":19},"end":{"line":232,"column":20}},"152":{"start":{"line":233,"column":8},"end":{"line":233,"column":34}},"153":{"start":{"line":235,"column":6},"end":{"line":235,"column":29}},"154":{"start":{"line":237,"column":4},"end":{"line":237,"column":18}},"155":{"start":{"line":241,"column":4},"end":{"line":257,"column":9}},"156":{"start":{"line":241,"column":17},"end":{"line":241,"column":18}},"157":{"start":{"line":242,"column":28},"end":{"line":242,"column":44}},"158":{"start":{"line":243,"column":10},"end":{"line":256,"column":11}},"159":{"start":{"line":244,"column":38},"end":{"line":244,"column":56}},"160":{"start":{"line":245,"column":12},"end":{"line":255,"column":13}},"161":{"start":{"line":246,"column":14},"end":{"line":252,"column":15}},"162":{"start":{"line":247,"column":16},"end":{"line":251,"column":17}},"163":{"start":{"line":247,"column":28},"end":{"line":247,"column":29}},"164":{"start":{"line":248,"column":18},"end":{"line":250,"column":19}},"165":{"start":{"line":249,"column":20},"end":{"line":249,"column":64}},"166":{"start":{"line":254,"column":14},"end":{"line":254,"column":47}},"167":{"start":{"line":258,"column":4},"end":{"line":258,"column":18}},"168":{"start":{"line":262,"column":19},"end":{"line":262,"column":21}},"169":{"start":{"line":263,"column":4},"end":{"line":267,"column":5}},"170":{"start":{"line":264,"column":6},"end":{"line":266,"column":7}},"171":{"start":{"line":265,"column":8},"end":{"line":265,"column":34}},"172":{"start":{"line":268,"column":4},"end":{"line":268,"column":18}},"173":{"start":{"line":272,"column":19},"end":{"line":272,"column":21}},"174":{"start":{"line":273,"column":4},"end":{"line":278,"column":5}},"175":{"start":{"line":274,"column":22},"end":{"line":274,"column":33}},"176":{"start":{"line":275,"column":6},"end":{"line":277,"column":7}},"177":{"start":{"line":276,"column":8},"end":{"line":276,"column":30}},"178":{"start":{"line":279,"column":4},"end":{"line":279,"column":18}},"179":{"start":{"line":283,"column":19},"end":{"line":283,"column":21}},"180":{"start":{"line":284,"column":4},"end":{"line":288,"column":5}},"181":{"start":{"line":285,"column":6},"end":{"line":287,"column":7}},"182":{"start":{"line":286,"column":8},"end":{"line":286,"column":34}},"183":{"start":{"line":289,"column":4},"end":{"line":289,"column":18}},"184":{"start":{"line":293,"column":19},"end":{"line":293,"column":21}},"185":{"start":{"line":294,"column":4},"end":{"line":299,"column":5}},"186":{"start":{"line":295,"column":22},"end":{"line":295,"column":33}},"187":{"start":{"line":296,"column":6},"end":{"line":298,"column":7}},"188":{"start":{"line":297,"column":8},"end":{"line":297,"column":30}},"189":{"start":{"line":300,"column":4},"end":{"line":300,"column":18}},"190":{"start":{"line":304,"column":19},"end":{"line":304,"column":21}},"191":{"start":{"line":305,"column":4},"end":{"line":310,"column":5}},"192":{"start":{"line":306,"column":22},"end":{"line":306,"column":24}},"193":{"start":{"line":307,"column":6},"end":{"line":307,"column":26}},"194":{"start":{"line":308,"column":6},"end":{"line":308,"column":34}},"195":{"start":{"line":309,"column":6},"end":{"line":309,"column":29}},"196":{"start":{"line":311,"column":4},"end":{"line":311,"column":18}},"197":{"start":{"line":314,"column":0},"end":{"line":314,"column":28}}},"fnMap":{"0":{"name":"(anonymous_0)","decl":{"start":{"line":10,"column":2},"end":{"line":10,"column":3}},"loc":{"start":{"line":10,"column":25},"end":{"line":25,"column":3}},"line":10},"1":{"name":"(anonymous_1)","decl":{"start":{"line":27,"column":2},"end":{"line":27,"column":3}},"loc":{"start":{"line":27,"column":15},"end":{"line":35,"column":3}},"line":27},"2":{"name":"(anonymous_2)","decl":{"start":{"line":34,"column":24},"end":{"line":34,"column":25}},"loc":{"start":{"line":34,"column":34},"end":{"line":34,"column":49}},"line":34},"3":{"name":"(anonymous_3)","decl":{"start":{"line":37,"column":2},"end":{"line":37,"column":3}},"loc":{"start":{"line":37,"column":21},"end":{"line":49,"column":3}},"line":37},"4":{"name":"(anonymous_4)","decl":{"start":{"line":51,"column":2},"end":{"line":51,"column":3}},"loc":{"start":{"line":51,"column":28},"end":{"line":92,"column":3}},"line":51},"5":{"name":"(anonymous_5)","decl":{"start":{"line":64,"column":21},"end":{"line":64,"column":22}},"loc":{"start":{"line":64,"column":31},"end":{"line":64,"column":53}},"line":64},"6":{"name":"(anonymous_6)","decl":{"start":{"line":79,"column":17},"end":{"line":79,"column":18}},"loc":{"start":{"line":79,"column":27},"end":{"line":79,"column":46}},"line":79},"7":{"name":"(anonymous_7)","decl":{"start":{"line":83,"column":17},"end":{"line":83,"column":18}},"loc":{"start":{"line":83,"column":27},"end":{"line":83,"column":37}},"line":83},"8":{"name":"(anonymous_8)","decl":{"start":{"line":94,"column":2},"end":{"line":94,"column":3}},"loc":{"start":{"line":94,"column":25},"end":{"line":125,"column":3}},"line":94},"9":{"name":"(anonymous_9)","decl":{"start":{"line":106,"column":19},"end":{"line":106,"column":20}},"loc":{"start":{"line":106,"column":29},"end":{"line":106,"column":51}},"line":106},"10":{"name":"(anonymous_10)","decl":{"start":{"line":117,"column":17},"end":{"line":117,"column":18}},"loc":{"start":{"line":117,"column":27},"end":{"line":117,"column":46}},"line":117},"11":{"name":"(anonymous_11)","decl":{"start":{"line":121,"column":17},"end":{"line":121,"column":18}},"loc":{"start":{"line":121,"column":27},"end":{"line":121,"column":37}},"line":121},"12":{"name":"(anonymous_12)","decl":{"start":{"line":127,"column":2},"end":{"line":127,"column":3}},"loc":{"start":{"line":127,"column":23},"end":{"line":165,"column":3}},"line":127},"13":{"name":"(anonymous_13)","decl":{"start":{"line":138,"column":17},"end":{"line":138,"column":18}},"loc":{"start":{"line":138,"column":27},"end":{"line":149,"column":7}},"line":138},"14":{"name":"(anonymous_14)","decl":{"start":{"line":157,"column":17},"end":{"line":157,"column":18}},"loc":{"start":{"line":157,"column":27},"end":{"line":157,"column":46}},"line":157},"15":{"name":"(anonymous_15)","decl":{"start":{"line":161,"column":17},"end":{"line":161,"column":18}},"loc":{"start":{"line":161,"column":27},"end":{"line":161,"column":37}},"line":161},"16":{"name":"(anonymous_16)","decl":{"start":{"line":167,"column":2},"end":{"line":167,"column":3}},"loc":{"start":{"line":167,"column":33},"end":{"line":179,"column":3}},"line":167},"17":{"name":"(anonymous_17)","decl":{"start":{"line":181,"column":2},"end":{"line":181,"column":3}},"loc":{"start":{"line":181,"column":21},"end":{"line":199,"column":3}},"line":181},"18":{"name":"(anonymous_18)","decl":{"start":{"line":192,"column":19},"end":{"line":192,"column":20}},"loc":{"start":{"line":192,"column":29},"end":{"line":192,"column":43}},"line":192},"19":{"name":"(anonymous_19)","decl":{"start":{"line":201,"column":2},"end":{"line":201,"column":3}},"loc":{"start":{"line":201,"column":21},"end":{"line":214,"column":3}},"line":201},"20":{"name":"(anonymous_20)","decl":{"start":{"line":216,"column":2},"end":{"line":216,"column":3}},"loc":{"start":{"line":216,"column":14},"end":{"line":238,"column":3}},"line":216},"21":{"name":"(anonymous_21)","decl":{"start":{"line":222,"column":18},"end":{"line":222,"column":19}},"loc":{"start":{"line":222,"column":28},"end":{"line":229,"column":5}},"line":222},"22":{"name":"(anonymous_22)","decl":{"start":{"line":240,"column":2},"end":{"line":240,"column":3}},"loc":{"start":{"line":240,"column":34},"end":{"line":259,"column":3}},"line":240},"23":{"name":"(anonymous_23)","decl":{"start":{"line":261,"column":2},"end":{"line":261,"column":3}},"loc":{"start":{"line":261,"column":20},"end":{"line":269,"column":3}},"line":261},"24":{"name":"(anonymous_24)","decl":{"start":{"line":271,"column":2},"end":{"line":271,"column":3}},"loc":{"start":{"line":271,"column":27},"end":{"line":280,"column":3}},"line":271},"25":{"name":"(anonymous_25)","decl":{"start":{"line":282,"column":2},"end":{"line":282,"column":3}},"loc":{"start":{"line":282,"column":20},"end":{"line":290,"column":3}},"line":282},"26":{"name":"(anonymous_26)","decl":{"start":{"line":292,"column":2},"end":{"line":292,"column":3}},"loc":{"start":{"line":292,"column":27},"end":{"line":301,"column":3}},"line":292},"27":{"name":"(anonymous_27)","decl":{"start":{"line":303,"column":2},"end":{"line":303,"column":3}},"loc":{"start":{"line":303,"column":18},"end":{"line":312,"column":3}},"line":303}},"branchMap":{"0":{"loc":{"start":{"line":10,"column":13},"end":{"line":10,"column":23}},"type":"default-arg","locations":[{"start":{"line":10,"column":22},"end":{"line":10,"column":23}}],"line":10},"1":{"loc":{"start":{"line":12,"column":4},"end":{"line":14,"column":5}},"type":"if","locations":[{"start":{"line":12,"column":4},"end":{"line":14,"column":5}},{"start":{},"end":{}}],"line":12},"2":{"loc":{"start":{"line":12,"column":8},"end":{"line":12,"column":45}},"type":"binary-expr","locations":[{"start":{"line":12,"column":8},"end":{"line":12,"column":30}},{"start":{"line":12,"column":34},"end":{"line":12,"column":45}}],"line":12},"3":{"loc":{"start":{"line":15,"column":4},"end":{"line":17,"column":5}},"type":"if","locations":[{"start":{"line":15,"column":4},"end":{"line":17,"column":5}},{"start":{},"end":{}}],"line":15},"4":{"loc":{"start":{"line":18,"column":4},"end":{"line":20,"column":5}},"type":"if","locations":[{"start":{"line":18,"column":4},"end":{"line":20,"column":5}},{"start":{},"end":{}}],"line":18},"5":{"loc":{"start":{"line":28,"column":4},"end":{"line":30,"column":5}},"type":"if","locations":[{"start":{"line":28,"column":4},"end":{"line":30,"column":5}},{"start":{},"end":{}}],"line":28},"6":{"loc":{"start":{"line":28,"column":8},"end":{"line":28,"column":49}},"type":"binary-expr","locations":[{"start":{"line":28,"column":8},"end":{"line":28,"column":30}},{"start":{"line":28,"column":34},"end":{"line":28,"column":49}}],"line":28},"7":{"loc":{"start":{"line":31,"column":4},"end":{"line":33,"column":5}},"type":"if","locations":[{"start":{"line":31,"column":4},"end":{"line":33,"column":5}},{"start":{},"end":{}}],"line":31},"8":{"loc":{"start":{"line":37,"column":12},"end":{"line":37,"column":19}},"type":"default-arg","locations":[{"start":{"line":37,"column":18},"end":{"line":37,"column":19}}],"line":37},"9":{"loc":{"start":{"line":39,"column":4},"end":{"line":41,"column":5}},"type":"if","locations":[{"start":{"line":39,"column":4},"end":{"line":41,"column":5}},{"start":{},"end":{}}],"line":39},"10":{"loc":{"start":{"line":39,"column":8},"end":{"line":39,"column":50}},"type":"binary-expr","locations":[{"start":{"line":39,"column":8},"end":{"line":39,"column":30}},{"start":{"line":39,"column":34},"end":{"line":39,"column":50}}],"line":39},"11":{"loc":{"start":{"line":42,"column":4},"end":{"line":44,"column":5}},"type":"if","locations":[{"start":{"line":42,"column":4},"end":{"line":44,"column":5}},{"start":{},"end":{}}],"line":42},"12":{"loc":{"start":{"line":45,"column":4},"end":{"line":47,"column":5}},"type":"if","locations":[{"start":{"line":45,"column":4},"end":{"line":47,"column":5}},{"start":{},"end":{}}],"line":45},"13":{"loc":{"start":{"line":52,"column":4},"end":{"line":54,"column":5}},"type":"if","locations":[{"start":{"line":52,"column":4},"end":{"line":54,"column":5}},{"start":{},"end":{}}],"line":52},"14":{"loc":{"start":{"line":55,"column":4},"end":{"line":57,"column":5}},"type":"if","locations":[{"start":{"line":55,"column":4},"end":{"line":57,"column":5}},{"start":{},"end":{}}],"line":55},"15":{"loc":{"start":{"line":60,"column":4},"end":{"line":72,"column":5}},"type":"if","locations":[{"start":{"line":60,"column":4},"end":{"line":72,"column":5}},{"start":{},"end":{}}],"line":60},"16":{"loc":{"start":{"line":60,"column":8},"end":{"line":60,"column":66}},"type":"binary-expr","locations":[{"start":{"line":60,"column":8},"end":{"line":60,"column":37}},{"start":{"line":60,"column":41},"end":{"line":60,"column":66}}],"line":60},"17":{"loc":{"start":{"line":65,"column":10},"end":{"line":68,"column":11}},"type":"if","locations":[{"start":{"line":65,"column":10},"end":{"line":68,"column":11}},{"start":{},"end":{}}],"line":65},"18":{"loc":{"start":{"line":73,"column":4},"end":{"line":75,"column":5}},"type":"if","locations":[{"start":{"line":73,"column":4},"end":{"line":75,"column":5}},{"start":{},"end":{}}],"line":73},"19":{"loc":{"start":{"line":76,"column":4},"end":{"line":80,"column":5}},"type":"if","locations":[{"start":{"line":76,"column":4},"end":{"line":80,"column":5}},{"start":{},"end":{}}],"line":76},"20":{"loc":{"start":{"line":81,"column":4},"end":{"line":84,"column":5}},"type":"if","locations":[{"start":{"line":81,"column":4},"end":{"line":84,"column":5}},{"start":{},"end":{}}],"line":81},"21":{"loc":{"start":{"line":86,"column":6},"end":{"line":89,"column":7}},"type":"if","locations":[{"start":{"line":86,"column":6},"end":{"line":89,"column":7}},{"start":{},"end":{}}],"line":86},"22":{"loc":{"start":{"line":95,"column":4},"end":{"line":97,"column":5}},"type":"if","locations":[{"start":{"line":95,"column":4},"end":{"line":97,"column":5}},{"start":{},"end":{}}],"line":95},"23":{"loc":{"start":{"line":98,"column":4},"end":{"line":100,"column":5}},"type":"if","locations":[{"start":{"line":98,"column":4},"end":{"line":100,"column":5}},{"start":{},"end":{}}],"line":98},"24":{"loc":{"start":{"line":103,"column":4},"end":{"line":110,"column":5}},"type":"if","locations":[{"start":{"line":103,"column":4},"end":{"line":110,"column":5}},{"start":{},"end":{}}],"line":103},"25":{"loc":{"start":{"line":103,"column":8},"end":{"line":103,"column":66}},"type":"binary-expr","locations":[{"start":{"line":103,"column":8},"end":{"line":103,"column":37}},{"start":{"line":103,"column":41},"end":{"line":103,"column":66}}],"line":103},"26":{"loc":{"start":{"line":111,"column":4},"end":{"line":113,"column":5}},"type":"if","locations":[{"start":{"line":111,"column":4},"end":{"line":113,"column":5}},{"start":{},"end":{}}],"line":111},"27":{"loc":{"start":{"line":114,"column":4},"end":{"line":118,"column":5}},"type":"if","locations":[{"start":{"line":114,"column":4},"end":{"line":118,"column":5}},{"start":{},"end":{}}],"line":114},"28":{"loc":{"start":{"line":119,"column":4},"end":{"line":122,"column":5}},"type":"if","locations":[{"start":{"line":119,"column":4},"end":{"line":122,"column":5}},{"start":{},"end":{}}],"line":119},"29":{"loc":{"start":{"line":128,"column":4},"end":{"line":130,"column":5}},"type":"if","locations":[{"start":{"line":128,"column":4},"end":{"line":130,"column":5}},{"start":{},"end":{}}],"line":128},"30":{"loc":{"start":{"line":131,"column":4},"end":{"line":133,"column":5}},"type":"if","locations":[{"start":{"line":131,"column":4},"end":{"line":133,"column":5}},{"start":{},"end":{}}],"line":131},"31":{"loc":{"start":{"line":136,"column":4},"end":{"line":150,"column":5}},"type":"if","locations":[{"start":{"line":136,"column":4},"end":{"line":150,"column":5}},{"start":{},"end":{}}],"line":136},"32":{"loc":{"start":{"line":136,"column":8},"end":{"line":136,"column":66}},"type":"binary-expr","locations":[{"start":{"line":136,"column":8},"end":{"line":136,"column":37}},{"start":{"line":136,"column":41},"end":{"line":136,"column":66}}],"line":136},"33":{"loc":{"start":{"line":141,"column":10},"end":{"line":146,"column":11}},"type":"if","locations":[{"start":{"line":141,"column":10},"end":{"line":146,"column":11}},{"start":{"line":144,"column":17},"end":{"line":146,"column":11}}],"line":141},"34":{"loc":{"start":{"line":151,"column":4},"end":{"line":153,"column":5}},"type":"if","locations":[{"start":{"line":151,"column":4},"end":{"line":153,"column":5}},{"start":{},"end":{}}],"line":151},"35":{"loc":{"start":{"line":154,"column":4},"end":{"line":158,"column":5}},"type":"if","locations":[{"start":{"line":154,"column":4},"end":{"line":158,"column":5}},{"start":{},"end":{}}],"line":154},"36":{"loc":{"start":{"line":159,"column":4},"end":{"line":162,"column":5}},"type":"if","locations":[{"start":{"line":159,"column":4},"end":{"line":162,"column":5}},{"start":{},"end":{}}],"line":159},"37":{"loc":{"start":{"line":167,"column":20},"end":{"line":167,"column":31}},"type":"default-arg","locations":[{"start":{"line":167,"column":30},"end":{"line":167,"column":31}}],"line":167},"38":{"loc":{"start":{"line":168,"column":4},"end":{"line":170,"column":5}},"type":"if","locations":[{"start":{"line":168,"column":4},"end":{"line":170,"column":5}},{"start":{},"end":{}}],"line":168},"39":{"loc":{"start":{"line":173,"column":6},"end":{"line":176,"column":7}},"type":"if","locations":[{"start":{"line":173,"column":6},"end":{"line":176,"column":7}},{"start":{},"end":{}}],"line":173},"40":{"loc":{"start":{"line":182,"column":4},"end":{"line":184,"column":5}},"type":"if","locations":[{"start":{"line":182,"column":4},"end":{"line":184,"column":5}},{"start":{},"end":{}}],"line":182},"41":{"loc":{"start":{"line":187,"column":4},"end":{"line":194,"column":5}},"type":"switch","locations":[{"start":{"line":188,"column":6},"end":{"line":190,"column":14}},{"start":{"line":191,"column":6},"end":{"line":193,"column":14}}],"line":187},"42":{"loc":{"start":{"line":201,"column":12},"end":{"line":201,"column":19}},"type":"default-arg","locations":[{"start":{"line":201,"column":18},"end":{"line":201,"column":19}}],"line":201},"43":{"loc":{"start":{"line":202,"column":4},"end":{"line":204,"column":5}},"type":"if","locations":[{"start":{"line":202,"column":4},"end":{"line":204,"column":5}},{"start":{},"end":{}}],"line":202},"44":{"loc":{"start":{"line":202,"column":8},"end":{"line":202,"column":41}},"type":"binary-expr","locations":[{"start":{"line":202,"column":8},"end":{"line":202,"column":30}},{"start":{"line":202,"column":34},"end":{"line":202,"column":41}}],"line":202},"45":{"loc":{"start":{"line":205,"column":4},"end":{"line":207,"column":5}},"type":"if","locations":[{"start":{"line":205,"column":4},"end":{"line":207,"column":5}},{"start":{},"end":{}}],"line":205},"46":{"loc":{"start":{"line":208,"column":4},"end":{"line":210,"column":5}},"type":"if","locations":[{"start":{"line":208,"column":4},"end":{"line":210,"column":5}},{"start":{},"end":{}}],"line":208},"47":{"loc":{"start":{"line":217,"column":4},"end":{"line":219,"column":5}},"type":"if","locations":[{"start":{"line":217,"column":4},"end":{"line":219,"column":5}},{"start":{},"end":{}}],"line":217},"48":{"loc":{"start":{"line":223,"column":6},"end":{"line":225,"column":7}},"type":"if","locations":[{"start":{"line":223,"column":6},"end":{"line":225,"column":7}},{"start":{},"end":{}}],"line":223},"49":{"loc":{"start":{"line":226,"column":6},"end":{"line":228,"column":7}},"type":"if","locations":[{"start":{"line":226,"column":6},"end":{"line":228,"column":7}},{"start":{},"end":{}}],"line":226},"50":{"loc":{"start":{"line":245,"column":12},"end":{"line":255,"column":13}},"type":"if","locations":[{"start":{"line":245,"column":12},"end":{"line":255,"column":13}},{"start":{"line":253,"column":19},"end":{"line":255,"column":13}}],"line":245},"51":{"loc":{"start":{"line":246,"column":14},"end":{"line":252,"column":15}},"type":"if","locations":[{"start":{"line":246,"column":14},"end":{"line":252,"column":15}},{"start":{},"end":{}}],"line":246},"52":{"loc":{"start":{"line":264,"column":6},"end":{"line":266,"column":7}},"type":"if","locations":[{"start":{"line":264,"column":6},"end":{"line":266,"column":7}},{"start":{},"end":{}}],"line":264},"53":{"loc":{"start":{"line":275,"column":6},"end":{"line":277,"column":7}},"type":"if","locations":[{"start":{"line":275,"column":6},"end":{"line":277,"column":7}},{"start":{},"end":{}}],"line":275},"54":{"loc":{"start":{"line":285,"column":6},"end":{"line":287,"column":7}},"type":"if","locations":[{"start":{"line":285,"column":6},"end":{"line":287,"column":7}},{"start":{},"end":{}}],"line":285},"55":{"loc":{"start":{"line":296,"column":6},"end":{"line":298,"column":7}},"type":"if","locations":[{"start":{"line":296,"column":6},"end":{"line":298,"column":7}},{"start":{},"end":{}}],"line":296}},"s":{"0":1,"1":7,"2":7,"3":3,"4":4,"5":1,"6":3,"7":1,"8":2,"9":2,"10":7,"11":2,"12":6,"13":2,"14":4,"15":1,"16":3,"17":15,"18":11,"19":11,"20":1,"21":10,"22":1,"23":9,"24":1,"25":8,"26":6,"27":1,"28":5,"29":1,"30":4,"31":1,"32":1,"33":1,"34":3,"35":5,"36":5,"37":5,"38":2,"39":2,"40":1,"41":3,"42":1,"43":3,"44":1,"45":1,"46":1,"47":3,"48":3,"49":1,"50":1,"51":1,"52":3,"53":3,"54":7,"55":3,"56":3,"57":3,"58":6,"59":1,"60":5,"61":1,"62":4,"63":1,"64":1,"65":2,"66":4,"67":2,"68":1,"69":3,"70":1,"71":3,"72":1,"73":1,"74":1,"75":2,"76":3,"77":1,"78":1,"79":2,"80":3,"81":3,"82":6,"83":1,"84":5,"85":1,"86":4,"87":1,"88":1,"89":3,"90":4,"91":2,"92":2,"93":2,"94":3,"95":4,"96":1,"97":4,"98":1,"99":1,"100":1,"101":2,"102":4,"103":1,"104":1,"105":1,"106":4,"107":4,"108":9,"109":1,"110":8,"111":8,"112":8,"113":12,"114":5,"115":5,"116":8,"117":3,"118":1,"119":2,"120":2,"121":1,"122":1,"123":1,"124":2,"125":1,"126":2,"127":2,"128":4,"129":2,"130":8,"131":2,"132":6,"133":1,"134":5,"135":1,"136":4,"137":4,"138":4,"139":1,"140":3,"141":3,"142":3,"143":8,"144":1,"145":7,"146":1,"147":1,"148":1,"149":2,"150":2,"151":2,"152":6,"153":2,"154":1,"155":3,"156":3,"157":3,"158":3,"159":3,"160":3,"161":2,"162":1,"163":1,"164":2,"165":2,"166":1,"167":3,"168":1,"169":1,"170":3,"171":1,"172":1,"173":1,"174":1,"175":3,"176":3,"177":1,"178":1,"179":1,"180":1,"181":3,"182":2,"183":1,"184":1,"185":1,"186":3,"187":3,"188":2,"189":1,"190":1,"191":1,"192":3,"193":3,"194":3,"195":3,"196":1,"197":1},"f":{"0":7,"1":6,"2":15,"3":11,"4":6,"5":5,"6":3,"7":1,"8":6,"9":4,"10":2,"11":2,"12":6,"13":3,"14":2,"15":1,"16":9,"17":3,"18":2,"19":8,"20":4,"21":8,"22":3,"23":1,"24":1,"25":1,"26":1,"27":1},"b":{"0":[1],"1":[3,4],"2":[7,6],"3":[1,3],"4":[1,2],"5":[2,4],"6":[6,5],"7":[1,3],"8":[1],"9":[1,10],"10":[11,11],"11":[1,9],"12":[1,8],"13":[1,5],"14":[1,4],"15":[1,3],"16":[4,2],"17":[2,3],"18":[1,2],"19":[1,2],"20":[1,2],"21":[3,4],"22":[1,5],"23":[1,4],"24":[1,3],"25":[4,2],"26":[1,2],"27":[1,2],"28":[1,2],"29":[1,5],"30":[1,4],"31":[1,3],"32":[4,2],"33":[2,2],"34":[1,3],"35":[1,3],"36":[1,3],"37":[8],"38":[1,8],"39":[5,7],"40":[1,2],"41":[1,1],"42":[2],"43":[2,6],"44":[8,7],"45":[1,5],"46":[1,4],"47":[1,3],"48":[1,7],"49":[1,6],"50":[2,1],"51":[1,1],"52":[1,2],"53":[1,2],"54":[2,1],"55":[2,1]},"_coverageSchema":"1a1c01bbd47fc00a2c39e90264f33305004495a9","hash":"a39f950d8c432d746bf89941991a7b251bdefbda"}
,"/Users/ritakisil/Desktop/practice/rss-lithuania/inheritance/costom methods/service-methods.js": {"path":"/Users/ritakisil/Desktop/practice/rss-lithuania/inheritance/costom methods/service-methods.js","statementMap":{"0":{"start":{"line":2,"column":20},"end":{"line":2,"column":30}},"1":{"start":{"line":3,"column":4},"end":{"line":3,"column":27}},"2":{"start":{"line":5,"column":4},"end":{"line":5,"column":15}},"3":{"start":{"line":10,"column":19},"end":{"line":10,"column":21}},"4":{"start":{"line":11,"column":19},"end":{"line":11,"column":29}},"5":{"start":{"line":13,"column":4},"end":{"line":15,"column":5}},"6":{"start":{"line":14,"column":8},"end":{"line":14,"column":22}},"7":{"start":{"line":16,"column":4},"end":{"line":18,"column":5}},"8":{"start":{"line":17,"column":8},"end":{"line":17,"column":18}},"9":{"start":{"line":19,"column":4},"end":{"line":21,"column":5}},"10":{"start":{"line":20,"column":8},"end":{"line":20,"column":21}},"11":{"start":{"line":23,"column":4},"end":{"line":25,"column":5}},"12":{"start":{"line":24,"column":8},"end":{"line":24,"column":31}},"13":{"start":{"line":26,"column":4},"end":{"line":28,"column":5}},"14":{"start":{"line":27,"column":8},"end":{"line":27,"column":27}},"15":{"start":{"line":29,"column":4},"end":{"line":31,"column":5}},"16":{"start":{"line":30,"column":8},"end":{"line":30,"column":22}},"17":{"start":{"line":32,"column":4},"end":{"line":34,"column":7}},"18":{"start":{"line":32,"column":17},"end":{"line":32,"column":22}},"19":{"start":{"line":33,"column":8},"end":{"line":33,"column":30}},"20":{"start":{"line":35,"column":2},"end":{"line":35,"column":16}},"21":{"start":{"line":40,"column":4},"end":{"line":45,"column":5}},"22":{"start":{"line":40,"column":17},"end":{"line":40,"column":18}},"23":{"start":{"line":41,"column":8},"end":{"line":44,"column":9}},"24":{"start":{"line":42,"column":12},"end":{"line":42,"column":28}},"25":{"start":{"line":43,"column":12},"end":{"line":43,"column":18}},"26":{"start":{"line":46,"column":4},"end":{"line":46,"column":18}},"27":{"start":{"line":50,"column":19},"end":{"line":50,"column":21}},"28":{"start":{"line":51,"column":4},"end":{"line":55,"column":5}},"29":{"start":{"line":51,"column":17},"end":{"line":51,"column":18}},"30":{"start":{"line":52,"column":8},"end":{"line":54,"column":9}},"31":{"start":{"line":53,"column":12},"end":{"line":53,"column":43}},"32":{"start":{"line":56,"column":4},"end":{"line":56,"column":18}},"33":{"start":{"line":60,"column":4},"end":{"line":62,"column":5}},"34":{"start":{"line":60,"column":17},"end":{"line":60,"column":18}},"35":{"start":{"line":61,"column":8},"end":{"line":61,"column":33}},"36":{"start":{"line":65,"column":0},"end":{"line":65,"column":60}}},"fnMap":{"0":{"name":"sPush","decl":{"start":{"line":1,"column":9},"end":{"line":1,"column":14}},"loc":{"start":{"line":1,"column":30},"end":{"line":6,"column":1}},"line":1},"1":{"name":"sSlice","decl":{"start":{"line":8,"column":9},"end":{"line":8,"column":15}},"loc":{"start":{"line":8,"column":34},"end":{"line":36,"column":1}},"line":8},"2":{"name":"sFind","decl":{"start":{"line":38,"column":9},"end":{"line":38,"column":14}},"loc":{"start":{"line":38,"column":30},"end":{"line":47,"column":1}},"line":38},"3":{"name":"sFilter","decl":{"start":{"line":49,"column":9},"end":{"line":49,"column":16}},"loc":{"start":{"line":49,"column":32},"end":{"line":57,"column":1}},"line":49},"4":{"name":"sForEach","decl":{"start":{"line":59,"column":9},"end":{"line":59,"column":17}},"loc":{"start":{"line":59,"column":33},"end":{"line":63,"column":1}},"line":59}},"branchMap":{"0":{"loc":{"start":{"line":13,"column":4},"end":{"line":15,"column":5}},"type":"if","locations":[{"start":{"line":13,"column":4},"end":{"line":15,"column":5}},{"start":{},"end":{}}],"line":13},"1":{"loc":{"start":{"line":16,"column":4},"end":{"line":18,"column":5}},"type":"if","locations":[{"start":{"line":16,"column":4},"end":{"line":18,"column":5}},{"start":{},"end":{}}],"line":16},"2":{"loc":{"start":{"line":16,"column":8},"end":{"line":16,"column":34}},"type":"binary-expr","locations":[{"start":{"line":16,"column":8},"end":{"line":16,"column":14}},{"start":{"line":16,"column":18},"end":{"line":16,"column":34}}],"line":16},"3":{"loc":{"start":{"line":19,"column":4},"end":{"line":21,"column":5}},"type":"if","locations":[{"start":{"line":19,"column":4},"end":{"line":21,"column":5}},{"start":{},"end":{}}],"line":19},"4":{"loc":{"start":{"line":19,"column":8},"end":{"line":19,"column":28}},"type":"binary-expr","locations":[{"start":{"line":19,"column":8},"end":{"line":19,"column":12}},{"start":{"line":19,"column":16},"end":{"line":19,"column":28}}],"line":19},"5":{"loc":{"start":{"line":23,"column":4},"end":{"line":25,"column":5}},"type":"if","locations":[{"start":{"line":23,"column":4},"end":{"line":25,"column":5}},{"start":{},"end":{}}],"line":23},"6":{"loc":{"start":{"line":23,"column":8},"end":{"line":23,"column":37}},"type":"binary-expr","locations":[{"start":{"line":23,"column":8},"end":{"line":23,"column":17}},{"start":{"line":23,"column":21},"end":{"line":23,"column":37}}],"line":23},"7":{"loc":{"start":{"line":26,"column":4},"end":{"line":28,"column":5}},"type":"if","locations":[{"start":{"line":26,"column":4},"end":{"line":28,"column":5}},{"start":{},"end":{}}],"line":26},"8":{"loc":{"start":{"line":26,"column":8},"end":{"line":26,"column":33}},"type":"binary-expr","locations":[{"start":{"line":26,"column":8},"end":{"line":26,"column":15}},{"start":{"line":26,"column":19},"end":{"line":26,"column":33}}],"line":26},"9":{"loc":{"start":{"line":29,"column":4},"end":{"line":31,"column":5}},"type":"if","locations":[{"start":{"line":29,"column":4},"end":{"line":31,"column":5}},{"start":{},"end":{}}],"line":29},"10":{"loc":{"start":{"line":41,"column":8},"end":{"line":44,"column":9}},"type":"if","locations":[{"start":{"line":41,"column":8},"end":{"line":44,"column":9}},{"start":{},"end":{}}],"line":41},"11":{"loc":{"start":{"line":52,"column":8},"end":{"line":54,"column":9}},"type":"if","locations":[{"start":{"line":52,"column":8},"end":{"line":54,"column":9}},{"start":{},"end":{}}],"line":52}},"s":{"0":85,"1":85,"2":85,"3":29,"4":29,"5":29,"6":1,"7":28,"8":10,"9":28,"10":7,"11":28,"12":1,"13":28,"14":1,"15":28,"16":2,"17":26,"18":26,"19":56,"20":26,"21":5,"22":5,"23":8,"24":5,"25":5,"26":5,"27":9,"28":9,"29":9,"30":31,"31":13,"32":9,"33":4,"34":4,"35":14,"36":2},"f":{"0":85,"1":29,"2":5,"3":9,"4":4},"b":{"0":[1,28],"1":[10,18],"2":[28,19],"3":[7,21],"4":[28,24],"5":[1,27],"6":[28,1],"7":[1,27],"8":[28,2],"9":[2,26],"10":[5,3],"11":[13,18]},"_coverageSchema":"1a1c01bbd47fc00a2c39e90264f33305004495a9","hash":"6a89cbcb2eac503d8e7d6c46f51706752943f5b4"}
}
