{"/Users/ritakisil/Desktop/practice/rss-lithuania/inheritance/costom methods/lodash.js": {"path":"/Users/ritakisil/Desktop/practice/rss-lithuania/inheritance/costom methods/lodash.js","statementMap":{"0":{"start":{"line":7,"column":4},"end":{"line":7,"column":32}},"1":{"start":{"line":11,"column":19},"end":{"line":11,"column":21}},"2":{"start":{"line":12,"column":4},"end":{"line":14,"column":5}},"3":{"start":{"line":13,"column":6},"end":{"line":13,"column":20}},"4":{"start":{"line":15,"column":4},"end":{"line":17,"column":5}},"5":{"start":{"line":16,"column":6},"end":{"line":16,"column":63}},"6":{"start":{"line":18,"column":4},"end":{"line":26,"column":5}},"7":{"start":{"line":23,"column":6},"end":{"line":25,"column":8}},"8":{"start":{"line":27,"column":4},"end":{"line":29,"column":5}},"9":{"start":{"line":27,"column":17},"end":{"line":27,"column":18}},"10":{"start":{"line":28,"column":6},"end":{"line":28,"column":48}},"11":{"start":{"line":30,"column":4},"end":{"line":30,"column":18}},"12":{"start":{"line":34,"column":4},"end":{"line":36,"column":5}},"13":{"start":{"line":35,"column":6},"end":{"line":35,"column":16}},"14":{"start":{"line":37,"column":4},"end":{"line":39,"column":5}},"15":{"start":{"line":38,"column":6},"end":{"line":38,"column":63}},"16":{"start":{"line":40,"column":4},"end":{"line":40,"column":51}},"17":{"start":{"line":40,"column":34},"end":{"line":40,"column":49}},"18":{"start":{"line":44,"column":19},"end":{"line":44,"column":21}},"19":{"start":{"line":45,"column":4},"end":{"line":47,"column":5}},"20":{"start":{"line":46,"column":6},"end":{"line":46,"column":20}},"21":{"start":{"line":48,"column":4},"end":{"line":50,"column":5}},"22":{"start":{"line":49,"column":6},"end":{"line":49,"column":63}},"23":{"start":{"line":51,"column":4},"end":{"line":60,"column":5}},"24":{"start":{"line":57,"column":6},"end":{"line":59,"column":8}},"25":{"start":{"line":61,"column":4},"end":{"line":61,"column":40}},"26":{"start":{"line":65,"column":4},"end":{"line":67,"column":5}},"27":{"start":{"line":66,"column":6},"end":{"line":66,"column":16}},"28":{"start":{"line":68,"column":4},"end":{"line":70,"column":5}},"29":{"start":{"line":69,"column":6},"end":{"line":69,"column":63}},"30":{"start":{"line":73,"column":4},"end":{"line":85,"column":5}},"31":{"start":{"line":74,"column":18},"end":{"line":74,"column":27}},"32":{"start":{"line":75,"column":6},"end":{"line":83,"column":7}},"33":{"start":{"line":75,"column":19},"end":{"line":75,"column":20}},"34":{"start":{"line":76,"column":8},"end":{"line":82,"column":9}},"35":{"start":{"line":77,"column":10},"end":{"line":77,"column":54}},"36":{"start":{"line":77,"column":31},"end":{"line":77,"column":53}},"37":{"start":{"line":78,"column":10},"end":{"line":81,"column":11}},"38":{"start":{"line":79,"column":12},"end":{"line":79,"column":39}},"39":{"start":{"line":80,"column":12},"end":{"line":80,"column":18}},"40":{"start":{"line":84,"column":6},"end":{"line":84,"column":20}},"41":{"start":{"line":86,"column":4},"end":{"line":88,"column":5}},"42":{"start":{"line":87,"column":6},"end":{"line":87,"column":27}},"43":{"start":{"line":89,"column":4},"end":{"line":93,"column":5}},"44":{"start":{"line":90,"column":18},"end":{"line":90,"column":30}},"45":{"start":{"line":91,"column":20},"end":{"line":91,"column":32}},"46":{"start":{"line":92,"column":6},"end":{"line":92,"column":47}},"47":{"start":{"line":92,"column":27},"end":{"line":92,"column":46}},"48":{"start":{"line":94,"column":4},"end":{"line":97,"column":5}},"49":{"start":{"line":95,"column":19},"end":{"line":95,"column":28}},"50":{"start":{"line":96,"column":6},"end":{"line":96,"column":38}},"51":{"start":{"line":96,"column":27},"end":{"line":96,"column":37}},"52":{"start":{"line":98,"column":4},"end":{"line":103,"column":5}},"53":{"start":{"line":98,"column":17},"end":{"line":98,"column":18}},"54":{"start":{"line":99,"column":6},"end":{"line":102,"column":7}},"55":{"start":{"line":100,"column":8},"end":{"line":100,"column":35}},"56":{"start":{"line":101,"column":8},"end":{"line":101,"column":14}},"57":{"start":{"line":104,"column":4},"end":{"line":104,"column":18}},"58":{"start":{"line":108,"column":4},"end":{"line":110,"column":5}},"59":{"start":{"line":109,"column":6},"end":{"line":109,"column":16}},"60":{"start":{"line":111,"column":4},"end":{"line":113,"column":5}},"61":{"start":{"line":112,"column":6},"end":{"line":112,"column":63}},"62":{"start":{"line":114,"column":4},"end":{"line":123,"column":5}},"63":{"start":{"line":120,"column":6},"end":{"line":122,"column":8}},"64":{"start":{"line":125,"column":4},"end":{"line":125,"column":33}},"65":{"start":{"line":126,"column":4},"end":{"line":126,"column":18}},"66":{"start":{"line":130,"column":4},"end":{"line":132,"column":5}},"67":{"start":{"line":131,"column":6},"end":{"line":131,"column":16}},"68":{"start":{"line":133,"column":4},"end":{"line":135,"column":5}},"69":{"start":{"line":134,"column":6},"end":{"line":134,"column":63}},"70":{"start":{"line":136,"column":4},"end":{"line":140,"column":5}},"71":{"start":{"line":137,"column":6},"end":{"line":139,"column":8}},"72":{"start":{"line":143,"column":4},"end":{"line":150,"column":5}},"73":{"start":{"line":144,"column":18},"end":{"line":144,"column":27}},"74":{"start":{"line":145,"column":6},"end":{"line":148,"column":7}},"75":{"start":{"line":146,"column":8},"end":{"line":146,"column":52}},"76":{"start":{"line":146,"column":29},"end":{"line":146,"column":51}},"77":{"start":{"line":147,"column":8},"end":{"line":147,"column":40}},"78":{"start":{"line":149,"column":6},"end":{"line":149,"column":20}},"79":{"start":{"line":151,"column":4},"end":{"line":153,"column":5}},"80":{"start":{"line":152,"column":6},"end":{"line":152,"column":27}},"81":{"start":{"line":154,"column":4},"end":{"line":158,"column":5}},"82":{"start":{"line":155,"column":18},"end":{"line":155,"column":30}},"83":{"start":{"line":156,"column":20},"end":{"line":156,"column":32}},"84":{"start":{"line":157,"column":6},"end":{"line":157,"column":47}},"85":{"start":{"line":157,"column":27},"end":{"line":157,"column":46}},"86":{"start":{"line":159,"column":4},"end":{"line":162,"column":5}},"87":{"start":{"line":160,"column":19},"end":{"line":160,"column":28}},"88":{"start":{"line":161,"column":6},"end":{"line":161,"column":38}},"89":{"start":{"line":161,"column":27},"end":{"line":161,"column":37}},"90":{"start":{"line":163,"column":4},"end":{"line":163,"column":36}},"91":{"start":{"line":164,"column":4},"end":{"line":164,"column":18}},"92":{"start":{"line":168,"column":4},"end":{"line":170,"column":5}},"93":{"start":{"line":169,"column":6},"end":{"line":169,"column":63}},"94":{"start":{"line":171,"column":4},"end":{"line":173,"column":5}},"95":{"start":{"line":172,"column":6},"end":{"line":172,"column":49}},"96":{"start":{"line":176,"column":4},"end":{"line":190,"column":5}},"97":{"start":{"line":177,"column":18},"end":{"line":177,"column":27}},"98":{"start":{"line":178,"column":6},"end":{"line":189,"column":8}},"99":{"start":{"line":180,"column":8},"end":{"line":187,"column":9}},"100":{"start":{"line":181,"column":10},"end":{"line":186,"column":11}},"101":{"start":{"line":182,"column":12},"end":{"line":182,"column":27}},"102":{"start":{"line":183,"column":12},"end":{"line":183,"column":18}},"103":{"start":{"line":185,"column":12},"end":{"line":185,"column":26}},"104":{"start":{"line":188,"column":8},"end":{"line":188,"column":22}},"105":{"start":{"line":191,"column":4},"end":{"line":193,"column":5}},"106":{"start":{"line":192,"column":6},"end":{"line":192,"column":27}},"107":{"start":{"line":194,"column":4},"end":{"line":198,"column":5}},"108":{"start":{"line":195,"column":18},"end":{"line":195,"column":30}},"109":{"start":{"line":196,"column":20},"end":{"line":196,"column":32}},"110":{"start":{"line":197,"column":6},"end":{"line":197,"column":47}},"111":{"start":{"line":197,"column":27},"end":{"line":197,"column":46}},"112":{"start":{"line":199,"column":4},"end":{"line":202,"column":5}},"113":{"start":{"line":200,"column":19},"end":{"line":200,"column":28}},"114":{"start":{"line":201,"column":6},"end":{"line":201,"column":38}},"115":{"start":{"line":201,"column":27},"end":{"line":201,"column":37}},"116":{"start":{"line":203,"column":4},"end":{"line":203,"column":34}},"117":{"start":{"line":204,"column":4},"end":{"line":204,"column":18}},"118":{"start":{"line":208,"column":4},"end":{"line":210,"column":5}},"119":{"start":{"line":209,"column":6},"end":{"line":209,"column":73}},"120":{"start":{"line":211,"column":4},"end":{"line":213,"column":5}},"121":{"start":{"line":212,"column":6},"end":{"line":212,"column":49}},"122":{"start":{"line":214,"column":17},"end":{"line":214,"column":22}},"123":{"start":{"line":215,"column":4},"end":{"line":223,"column":5}},"124":{"start":{"line":216,"column":6},"end":{"line":221,"column":7}},"125":{"start":{"line":216,"column":19},"end":{"line":216,"column":26}},"126":{"start":{"line":217,"column":8},"end":{"line":220,"column":9}},"127":{"start":{"line":218,"column":10},"end":{"line":218,"column":24}},"128":{"start":{"line":219,"column":10},"end":{"line":219,"column":16}},"129":{"start":{"line":222,"column":6},"end":{"line":222,"column":20}},"130":{"start":{"line":224,"column":4},"end":{"line":229,"column":5}},"131":{"start":{"line":224,"column":17},"end":{"line":224,"column":24}},"132":{"start":{"line":225,"column":6},"end":{"line":228,"column":7}},"133":{"start":{"line":226,"column":8},"end":{"line":226,"column":22}},"134":{"start":{"line":227,"column":8},"end":{"line":227,"column":14}},"135":{"start":{"line":230,"column":4},"end":{"line":230,"column":18}},"136":{"start":{"line":234,"column":4},"end":{"line":236,"column":5}},"137":{"start":{"line":235,"column":6},"end":{"line":235,"column":63}},"138":{"start":{"line":237,"column":4},"end":{"line":239,"column":5}},"139":{"start":{"line":238,"column":6},"end":{"line":238,"column":49}},"140":{"start":{"line":240,"column":4},"end":{"line":247,"column":5}},"141":{"start":{"line":246,"column":6},"end":{"line":246,"column":74}},"142":{"start":{"line":248,"column":19},"end":{"line":248,"column":21}},"143":{"start":{"line":250,"column":4},"end":{"line":257,"column":5}},"144":{"start":{"line":252,"column":8},"end":{"line":252,"column":28}},"145":{"start":{"line":253,"column":8},"end":{"line":253,"column":14}},"146":{"start":{"line":255,"column":8},"end":{"line":255,"column":44}},"147":{"start":{"line":255,"column":29},"end":{"line":255,"column":43}},"148":{"start":{"line":256,"column":8},"end":{"line":256,"column":14}},"149":{"start":{"line":258,"column":4},"end":{"line":260,"column":5}},"150":{"start":{"line":258,"column":17},"end":{"line":258,"column":18}},"151":{"start":{"line":259,"column":6},"end":{"line":259,"column":38}},"152":{"start":{"line":261,"column":4},"end":{"line":261,"column":18}},"153":{"start":{"line":265,"column":4},"end":{"line":267,"column":5}},"154":{"start":{"line":266,"column":6},"end":{"line":266,"column":16}},"155":{"start":{"line":268,"column":4},"end":{"line":270,"column":5}},"156":{"start":{"line":269,"column":6},"end":{"line":269,"column":32}},"157":{"start":{"line":271,"column":19},"end":{"line":271,"column":21}},"158":{"start":{"line":272,"column":23},"end":{"line":272,"column":36}},"159":{"start":{"line":273,"column":4},"end":{"line":280,"column":7}},"160":{"start":{"line":274,"column":6},"end":{"line":276,"column":7}},"161":{"start":{"line":275,"column":8},"end":{"line":275,"column":62}},"162":{"start":{"line":277,"column":6},"end":{"line":279,"column":7}},"163":{"start":{"line":278,"column":8},"end":{"line":278,"column":66}},"164":{"start":{"line":281,"column":4},"end":{"line":287,"column":5}},"165":{"start":{"line":281,"column":17},"end":{"line":281,"column":18}},"166":{"start":{"line":282,"column":20},"end":{"line":282,"column":22}},"167":{"start":{"line":283,"column":6},"end":{"line":285,"column":7}},"168":{"start":{"line":283,"column":19},"end":{"line":283,"column":20}},"169":{"start":{"line":284,"column":8},"end":{"line":284,"column":34}},"170":{"start":{"line":286,"column":6},"end":{"line":286,"column":29}},"171":{"start":{"line":288,"column":4},"end":{"line":288,"column":18}},"172":{"start":{"line":293,"column":4},"end":{"line":299,"column":5}},"173":{"start":{"line":298,"column":6},"end":{"line":298,"column":64}},"174":{"start":{"line":300,"column":4},"end":{"line":302,"column":5}},"175":{"start":{"line":301,"column":6},"end":{"line":301,"column":20}},"176":{"start":{"line":303,"column":4},"end":{"line":326,"column":5}},"177":{"start":{"line":303,"column":17},"end":{"line":303,"column":18}},"178":{"start":{"line":304,"column":6},"end":{"line":310,"column":7}},"179":{"start":{"line":309,"column":8},"end":{"line":309,"column":63}},"180":{"start":{"line":311,"column":28},"end":{"line":311,"column":44}},"181":{"start":{"line":312,"column":6},"end":{"line":325,"column":7}},"182":{"start":{"line":313,"column":34},"end":{"line":313,"column":52}},"183":{"start":{"line":314,"column":8},"end":{"line":324,"column":9}},"184":{"start":{"line":315,"column":10},"end":{"line":321,"column":11}},"185":{"start":{"line":316,"column":12},"end":{"line":320,"column":13}},"186":{"start":{"line":316,"column":25},"end":{"line":316,"column":26}},"187":{"start":{"line":317,"column":14},"end":{"line":319,"column":15}},"188":{"start":{"line":318,"column":16},"end":{"line":318,"column":60}},"189":{"start":{"line":323,"column":10},"end":{"line":323,"column":43}},"190":{"start":{"line":327,"column":4},"end":{"line":327,"column":18}},"191":{"start":{"line":331,"column":4},"end":{"line":337,"column":5}},"192":{"start":{"line":336,"column":6},"end":{"line":336,"column":64}},"193":{"start":{"line":338,"column":4},"end":{"line":340,"column":5}},"194":{"start":{"line":339,"column":6},"end":{"line":339,"column":64}},"195":{"start":{"line":341,"column":19},"end":{"line":341,"column":21}},"196":{"start":{"line":342,"column":4},"end":{"line":347,"column":5}},"197":{"start":{"line":343,"column":6},"end":{"line":345,"column":7}},"198":{"start":{"line":344,"column":8},"end":{"line":344,"column":34}},"199":{"start":{"line":346,"column":6},"end":{"line":346,"column":20}},"200":{"start":{"line":348,"column":4},"end":{"line":352,"column":5}},"201":{"start":{"line":349,"column":6},"end":{"line":351,"column":7}},"202":{"start":{"line":350,"column":8},"end":{"line":350,"column":34}},"203":{"start":{"line":353,"column":4},"end":{"line":353,"column":18}},"204":{"start":{"line":357,"column":4},"end":{"line":363,"column":5}},"205":{"start":{"line":362,"column":6},"end":{"line":362,"column":64}},"206":{"start":{"line":364,"column":19},"end":{"line":364,"column":21}},"207":{"start":{"line":365,"column":4},"end":{"line":370,"column":5}},"208":{"start":{"line":366,"column":6},"end":{"line":368,"column":7}},"209":{"start":{"line":367,"column":8},"end":{"line":367,"column":34}},"210":{"start":{"line":369,"column":6},"end":{"line":369,"column":20}},"211":{"start":{"line":371,"column":4},"end":{"line":373,"column":5}},"212":{"start":{"line":372,"column":6},"end":{"line":372,"column":66}},"213":{"start":{"line":374,"column":4},"end":{"line":379,"column":5}},"214":{"start":{"line":375,"column":22},"end":{"line":375,"column":33}},"215":{"start":{"line":376,"column":6},"end":{"line":378,"column":7}},"216":{"start":{"line":377,"column":8},"end":{"line":377,"column":30}},"217":{"start":{"line":380,"column":4},"end":{"line":380,"column":18}},"218":{"start":{"line":384,"column":4},"end":{"line":390,"column":5}},"219":{"start":{"line":389,"column":6},"end":{"line":389,"column":64}},"220":{"start":{"line":391,"column":4},"end":{"line":393,"column":5}},"221":{"start":{"line":392,"column":6},"end":{"line":392,"column":64}},"222":{"start":{"line":394,"column":19},"end":{"line":394,"column":21}},"223":{"start":{"line":395,"column":4},"end":{"line":400,"column":5}},"224":{"start":{"line":396,"column":6},"end":{"line":398,"column":7}},"225":{"start":{"line":397,"column":8},"end":{"line":397,"column":34}},"226":{"start":{"line":399,"column":6},"end":{"line":399,"column":20}},"227":{"start":{"line":401,"column":4},"end":{"line":405,"column":5}},"228":{"start":{"line":402,"column":6},"end":{"line":404,"column":7}},"229":{"start":{"line":403,"column":8},"end":{"line":403,"column":34}},"230":{"start":{"line":406,"column":4},"end":{"line":406,"column":18}},"231":{"start":{"line":410,"column":4},"end":{"line":416,"column":5}},"232":{"start":{"line":415,"column":6},"end":{"line":415,"column":64}},"233":{"start":{"line":417,"column":4},"end":{"line":419,"column":5}},"234":{"start":{"line":418,"column":6},"end":{"line":418,"column":66}},"235":{"start":{"line":420,"column":19},"end":{"line":420,"column":21}},"236":{"start":{"line":421,"column":4},"end":{"line":426,"column":5}},"237":{"start":{"line":422,"column":6},"end":{"line":424,"column":7}},"238":{"start":{"line":423,"column":8},"end":{"line":423,"column":34}},"239":{"start":{"line":425,"column":6},"end":{"line":425,"column":20}},"240":{"start":{"line":427,"column":4},"end":{"line":432,"column":5}},"241":{"start":{"line":428,"column":22},"end":{"line":428,"column":33}},"242":{"start":{"line":429,"column":6},"end":{"line":431,"column":7}},"243":{"start":{"line":430,"column":8},"end":{"line":430,"column":30}},"244":{"start":{"line":433,"column":4},"end":{"line":433,"column":18}},"245":{"start":{"line":437,"column":4},"end":{"line":443,"column":5}},"246":{"start":{"line":442,"column":6},"end":{"line":442,"column":64}},"247":{"start":{"line":444,"column":19},"end":{"line":444,"column":21}},"248":{"start":{"line":445,"column":4},"end":{"line":453,"column":5}},"249":{"start":{"line":446,"column":6},"end":{"line":451,"column":7}},"250":{"start":{"line":447,"column":24},"end":{"line":447,"column":26}},"251":{"start":{"line":448,"column":8},"end":{"line":448,"column":31}},"252":{"start":{"line":449,"column":8},"end":{"line":449,"column":31}},"253":{"start":{"line":450,"column":8},"end":{"line":450,"column":31}},"254":{"start":{"line":452,"column":6},"end":{"line":452,"column":20}},"255":{"start":{"line":454,"column":4},"end":{"line":462,"column":5}},"256":{"start":{"line":455,"column":6},"end":{"line":460,"column":7}},"257":{"start":{"line":456,"column":24},"end":{"line":456,"column":26}},"258":{"start":{"line":457,"column":8},"end":{"line":457,"column":28}},"259":{"start":{"line":458,"column":8},"end":{"line":458,"column":28}},"260":{"start":{"line":459,"column":8},"end":{"line":459,"column":31}},"261":{"start":{"line":461,"column":6},"end":{"line":461,"column":20}},"262":{"start":{"line":463,"column":4},"end":{"line":468,"column":5}},"263":{"start":{"line":464,"column":22},"end":{"line":464,"column":24}},"264":{"start":{"line":465,"column":6},"end":{"line":465,"column":26}},"265":{"start":{"line":466,"column":6},"end":{"line":466,"column":34}},"266":{"start":{"line":467,"column":6},"end":{"line":467,"column":29}},"267":{"start":{"line":469,"column":4},"end":{"line":469,"column":18}},"268":{"start":{"line":473,"column":0},"end":{"line":473,"column":28}}},"fnMap":{"0":{"name":"(anonymous_0)","decl":{"start":{"line":10,"column":2},"end":{"line":10,"column":3}},"loc":{"start":{"line":10,"column":25},"end":{"line":31,"column":3}},"line":10},"1":{"name":"(anonymous_1)","decl":{"start":{"line":33,"column":2},"end":{"line":33,"column":3}},"loc":{"start":{"line":33,"column":15},"end":{"line":41,"column":3}},"line":33},"2":{"name":"(anonymous_2)","decl":{"start":{"line":40,"column":24},"end":{"line":40,"column":25}},"loc":{"start":{"line":40,"column":34},"end":{"line":40,"column":49}},"line":40},"3":{"name":"(anonymous_3)","decl":{"start":{"line":43,"column":2},"end":{"line":43,"column":3}},"loc":{"start":{"line":43,"column":21},"end":{"line":62,"column":3}},"line":43},"4":{"name":"(anonymous_4)","decl":{"start":{"line":64,"column":2},"end":{"line":64,"column":3}},"loc":{"start":{"line":64,"column":28},"end":{"line":105,"column":3}},"line":64},"5":{"name":"(anonymous_5)","decl":{"start":{"line":77,"column":21},"end":{"line":77,"column":22}},"loc":{"start":{"line":77,"column":31},"end":{"line":77,"column":53}},"line":77},"6":{"name":"(anonymous_6)","decl":{"start":{"line":92,"column":17},"end":{"line":92,"column":18}},"loc":{"start":{"line":92,"column":27},"end":{"line":92,"column":46}},"line":92},"7":{"name":"(anonymous_7)","decl":{"start":{"line":96,"column":17},"end":{"line":96,"column":18}},"loc":{"start":{"line":96,"column":27},"end":{"line":96,"column":37}},"line":96},"8":{"name":"(anonymous_8)","decl":{"start":{"line":107,"column":2},"end":{"line":107,"column":3}},"loc":{"start":{"line":107,"column":21},"end":{"line":127,"column":3}},"line":107},"9":{"name":"(anonymous_9)","decl":{"start":{"line":129,"column":2},"end":{"line":129,"column":3}},"loc":{"start":{"line":129,"column":25},"end":{"line":165,"column":3}},"line":129},"10":{"name":"(anonymous_10)","decl":{"start":{"line":146,"column":19},"end":{"line":146,"column":20}},"loc":{"start":{"line":146,"column":29},"end":{"line":146,"column":51}},"line":146},"11":{"name":"(anonymous_11)","decl":{"start":{"line":157,"column":17},"end":{"line":157,"column":18}},"loc":{"start":{"line":157,"column":27},"end":{"line":157,"column":46}},"line":157},"12":{"name":"(anonymous_12)","decl":{"start":{"line":161,"column":17},"end":{"line":161,"column":18}},"loc":{"start":{"line":161,"column":27},"end":{"line":161,"column":37}},"line":161},"13":{"name":"(anonymous_13)","decl":{"start":{"line":167,"column":2},"end":{"line":167,"column":3}},"loc":{"start":{"line":167,"column":23},"end":{"line":205,"column":3}},"line":167},"14":{"name":"(anonymous_14)","decl":{"start":{"line":178,"column":17},"end":{"line":178,"column":18}},"loc":{"start":{"line":178,"column":27},"end":{"line":189,"column":7}},"line":178},"15":{"name":"(anonymous_15)","decl":{"start":{"line":197,"column":17},"end":{"line":197,"column":18}},"loc":{"start":{"line":197,"column":27},"end":{"line":197,"column":46}},"line":197},"16":{"name":"(anonymous_16)","decl":{"start":{"line":201,"column":17},"end":{"line":201,"column":18}},"loc":{"start":{"line":201,"column":27},"end":{"line":201,"column":37}},"line":201},"17":{"name":"(anonymous_17)","decl":{"start":{"line":207,"column":2},"end":{"line":207,"column":3}},"loc":{"start":{"line":207,"column":33},"end":{"line":231,"column":3}},"line":207},"18":{"name":"(anonymous_18)","decl":{"start":{"line":233,"column":2},"end":{"line":233,"column":3}},"loc":{"start":{"line":233,"column":21},"end":{"line":262,"column":3}},"line":233},"19":{"name":"(anonymous_19)","decl":{"start":{"line":255,"column":19},"end":{"line":255,"column":20}},"loc":{"start":{"line":255,"column":29},"end":{"line":255,"column":43}},"line":255},"20":{"name":"(anonymous_20)","decl":{"start":{"line":264,"column":2},"end":{"line":264,"column":3}},"loc":{"start":{"line":264,"column":14},"end":{"line":289,"column":3}},"line":264},"21":{"name":"(anonymous_21)","decl":{"start":{"line":273,"column":18},"end":{"line":273,"column":19}},"loc":{"start":{"line":273,"column":28},"end":{"line":280,"column":5}},"line":273},"22":{"name":"(anonymous_22)","decl":{"start":{"line":291,"column":2},"end":{"line":291,"column":3}},"loc":{"start":{"line":291,"column":34},"end":{"line":328,"column":3}},"line":291},"23":{"name":"(anonymous_23)","decl":{"start":{"line":330,"column":2},"end":{"line":330,"column":3}},"loc":{"start":{"line":330,"column":20},"end":{"line":354,"column":3}},"line":330},"24":{"name":"(anonymous_24)","decl":{"start":{"line":356,"column":2},"end":{"line":356,"column":3}},"loc":{"start":{"line":356,"column":28},"end":{"line":381,"column":3}},"line":356},"25":{"name":"(anonymous_25)","decl":{"start":{"line":383,"column":2},"end":{"line":383,"column":3}},"loc":{"start":{"line":383,"column":20},"end":{"line":407,"column":3}},"line":383},"26":{"name":"(anonymous_26)","decl":{"start":{"line":409,"column":2},"end":{"line":409,"column":3}},"loc":{"start":{"line":409,"column":28},"end":{"line":434,"column":3}},"line":409},"27":{"name":"(anonymous_27)","decl":{"start":{"line":436,"column":2},"end":{"line":436,"column":3}},"loc":{"start":{"line":436,"column":18},"end":{"line":470,"column":3}},"line":436}},"branchMap":{"0":{"loc":{"start":{"line":10,"column":13},"end":{"line":10,"column":23}},"type":"default-arg","locations":[{"start":{"line":10,"column":22},"end":{"line":10,"column":23}}],"line":10},"1":{"loc":{"start":{"line":12,"column":4},"end":{"line":14,"column":5}},"type":"if","locations":[{"start":{"line":12,"column":4},"end":{"line":14,"column":5}},{"start":{},"end":{}}],"line":12},"2":{"loc":{"start":{"line":12,"column":8},"end":{"line":12,"column":66}},"type":"binary-expr","locations":[{"start":{"line":12,"column":8},"end":{"line":12,"column":30}},{"start":{"line":12,"column":34},"end":{"line":12,"column":50}},{"start":{"line":12,"column":54},"end":{"line":12,"column":66}}],"line":12},"3":{"loc":{"start":{"line":15,"column":4},"end":{"line":17,"column":5}},"type":"if","locations":[{"start":{"line":15,"column":4},"end":{"line":17,"column":5}},{"start":{},"end":{}}],"line":15},"4":{"loc":{"start":{"line":18,"column":4},"end":{"line":26,"column":5}},"type":"if","locations":[{"start":{"line":18,"column":4},"end":{"line":26,"column":5}},{"start":{},"end":{}}],"line":18},"5":{"loc":{"start":{"line":19,"column":6},"end":{"line":21,"column":52}},"type":"binary-expr","locations":[{"start":{"line":19,"column":6},"end":{"line":19,"column":32}},{"start":{"line":20,"column":6},"end":{"line":20,"column":19}},{"start":{"line":21,"column":6},"end":{"line":21,"column":52}}],"line":19},"6":{"loc":{"start":{"line":34,"column":4},"end":{"line":36,"column":5}},"type":"if","locations":[{"start":{"line":34,"column":4},"end":{"line":36,"column":5}},{"start":{},"end":{}}],"line":34},"7":{"loc":{"start":{"line":34,"column":8},"end":{"line":34,"column":50}},"type":"binary-expr","locations":[{"start":{"line":34,"column":8},"end":{"line":34,"column":30}},{"start":{"line":34,"column":34},"end":{"line":34,"column":50}}],"line":34},"8":{"loc":{"start":{"line":37,"column":4},"end":{"line":39,"column":5}},"type":"if","locations":[{"start":{"line":37,"column":4},"end":{"line":39,"column":5}},{"start":{},"end":{}}],"line":37},"9":{"loc":{"start":{"line":43,"column":12},"end":{"line":43,"column":19}},"type":"default-arg","locations":[{"start":{"line":43,"column":18},"end":{"line":43,"column":19}}],"line":43},"10":{"loc":{"start":{"line":45,"column":4},"end":{"line":47,"column":5}},"type":"if","locations":[{"start":{"line":45,"column":4},"end":{"line":47,"column":5}},{"start":{},"end":{}}],"line":45},"11":{"loc":{"start":{"line":45,"column":8},"end":{"line":45,"column":70}},"type":"binary-expr","locations":[{"start":{"line":45,"column":8},"end":{"line":45,"column":30}},{"start":{"line":45,"column":34},"end":{"line":45,"column":50}},{"start":{"line":45,"column":54},"end":{"line":45,"column":70}}],"line":45},"12":{"loc":{"start":{"line":48,"column":4},"end":{"line":50,"column":5}},"type":"if","locations":[{"start":{"line":48,"column":4},"end":{"line":50,"column":5}},{"start":{},"end":{}}],"line":48},"13":{"loc":{"start":{"line":51,"column":4},"end":{"line":60,"column":5}},"type":"if","locations":[{"start":{"line":51,"column":4},"end":{"line":60,"column":5}},{"start":{},"end":{}}],"line":51},"14":{"loc":{"start":{"line":52,"column":6},"end":{"line":55,"column":29}},"type":"binary-expr","locations":[{"start":{"line":52,"column":6},"end":{"line":52,"column":29}},{"start":{"line":53,"column":6},"end":{"line":53,"column":16}},{"start":{"line":54,"column":6},"end":{"line":54,"column":13}},{"start":{"line":55,"column":6},"end":{"line":55,"column":29}}],"line":52},"15":{"loc":{"start":{"line":65,"column":4},"end":{"line":67,"column":5}},"type":"if","locations":[{"start":{"line":65,"column":4},"end":{"line":67,"column":5}},{"start":{},"end":{}}],"line":65},"16":{"loc":{"start":{"line":65,"column":8},"end":{"line":65,"column":64}},"type":"binary-expr","locations":[{"start":{"line":65,"column":8},"end":{"line":65,"column":30}},{"start":{"line":65,"column":34},"end":{"line":65,"column":50}},{"start":{"line":65,"column":54},"end":{"line":65,"column":64}}],"line":65},"17":{"loc":{"start":{"line":68,"column":4},"end":{"line":70,"column":5}},"type":"if","locations":[{"start":{"line":68,"column":4},"end":{"line":70,"column":5}},{"start":{},"end":{}}],"line":68},"18":{"loc":{"start":{"line":73,"column":4},"end":{"line":85,"column":5}},"type":"if","locations":[{"start":{"line":73,"column":4},"end":{"line":85,"column":5}},{"start":{},"end":{}}],"line":73},"19":{"loc":{"start":{"line":73,"column":8},"end":{"line":73,"column":66}},"type":"binary-expr","locations":[{"start":{"line":73,"column":8},"end":{"line":73,"column":37}},{"start":{"line":73,"column":41},"end":{"line":73,"column":66}}],"line":73},"20":{"loc":{"start":{"line":78,"column":10},"end":{"line":81,"column":11}},"type":"if","locations":[{"start":{"line":78,"column":10},"end":{"line":81,"column":11}},{"start":{},"end":{}}],"line":78},"21":{"loc":{"start":{"line":86,"column":4},"end":{"line":88,"column":5}},"type":"if","locations":[{"start":{"line":86,"column":4},"end":{"line":88,"column":5}},{"start":{},"end":{}}],"line":86},"22":{"loc":{"start":{"line":89,"column":4},"end":{"line":93,"column":5}},"type":"if","locations":[{"start":{"line":89,"column":4},"end":{"line":93,"column":5}},{"start":{},"end":{}}],"line":89},"23":{"loc":{"start":{"line":94,"column":4},"end":{"line":97,"column":5}},"type":"if","locations":[{"start":{"line":94,"column":4},"end":{"line":97,"column":5}},{"start":{},"end":{}}],"line":94},"24":{"loc":{"start":{"line":99,"column":6},"end":{"line":102,"column":7}},"type":"if","locations":[{"start":{"line":99,"column":6},"end":{"line":102,"column":7}},{"start":{},"end":{}}],"line":99},"25":{"loc":{"start":{"line":107,"column":12},"end":{"line":107,"column":19}},"type":"default-arg","locations":[{"start":{"line":107,"column":18},"end":{"line":107,"column":19}}],"line":107},"26":{"loc":{"start":{"line":108,"column":4},"end":{"line":110,"column":5}},"type":"if","locations":[{"start":{"line":108,"column":4},"end":{"line":110,"column":5}},{"start":{},"end":{}}],"line":108},"27":{"loc":{"start":{"line":108,"column":8},"end":{"line":108,"column":50}},"type":"binary-expr","locations":[{"start":{"line":108,"column":8},"end":{"line":108,"column":30}},{"start":{"line":108,"column":34},"end":{"line":108,"column":50}}],"line":108},"28":{"loc":{"start":{"line":111,"column":4},"end":{"line":113,"column":5}},"type":"if","locations":[{"start":{"line":111,"column":4},"end":{"line":113,"column":5}},{"start":{},"end":{}}],"line":111},"29":{"loc":{"start":{"line":114,"column":4},"end":{"line":123,"column":5}},"type":"if","locations":[{"start":{"line":114,"column":4},"end":{"line":123,"column":5}},{"start":{},"end":{}}],"line":114},"30":{"loc":{"start":{"line":115,"column":6},"end":{"line":118,"column":29}},"type":"binary-expr","locations":[{"start":{"line":115,"column":6},"end":{"line":115,"column":29}},{"start":{"line":116,"column":6},"end":{"line":116,"column":16}},{"start":{"line":117,"column":6},"end":{"line":117,"column":14}},{"start":{"line":118,"column":6},"end":{"line":118,"column":29}}],"line":115},"31":{"loc":{"start":{"line":130,"column":4},"end":{"line":132,"column":5}},"type":"if","locations":[{"start":{"line":130,"column":4},"end":{"line":132,"column":5}},{"start":{},"end":{}}],"line":130},"32":{"loc":{"start":{"line":130,"column":8},"end":{"line":130,"column":50}},"type":"binary-expr","locations":[{"start":{"line":130,"column":8},"end":{"line":130,"column":30}},{"start":{"line":130,"column":34},"end":{"line":130,"column":50}}],"line":130},"33":{"loc":{"start":{"line":133,"column":4},"end":{"line":135,"column":5}},"type":"if","locations":[{"start":{"line":133,"column":4},"end":{"line":135,"column":5}},{"start":{},"end":{}}],"line":133},"34":{"loc":{"start":{"line":136,"column":4},"end":{"line":140,"column":5}},"type":"if","locations":[{"start":{"line":136,"column":4},"end":{"line":140,"column":5}},{"start":{},"end":{}}],"line":136},"35":{"loc":{"start":{"line":136,"column":8},"end":{"line":136,"column":63}},"type":"binary-expr","locations":[{"start":{"line":136,"column":8},"end":{"line":136,"column":37}},{"start":{"line":136,"column":41},"end":{"line":136,"column":63}}],"line":136},"36":{"loc":{"start":{"line":143,"column":4},"end":{"line":150,"column":5}},"type":"if","locations":[{"start":{"line":143,"column":4},"end":{"line":150,"column":5}},{"start":{},"end":{}}],"line":143},"37":{"loc":{"start":{"line":143,"column":8},"end":{"line":143,"column":66}},"type":"binary-expr","locations":[{"start":{"line":143,"column":8},"end":{"line":143,"column":37}},{"start":{"line":143,"column":41},"end":{"line":143,"column":66}}],"line":143},"38":{"loc":{"start":{"line":151,"column":4},"end":{"line":153,"column":5}},"type":"if","locations":[{"start":{"line":151,"column":4},"end":{"line":153,"column":5}},{"start":{},"end":{}}],"line":151},"39":{"loc":{"start":{"line":154,"column":4},"end":{"line":158,"column":5}},"type":"if","locations":[{"start":{"line":154,"column":4},"end":{"line":158,"column":5}},{"start":{},"end":{}}],"line":154},"40":{"loc":{"start":{"line":159,"column":4},"end":{"line":162,"column":5}},"type":"if","locations":[{"start":{"line":159,"column":4},"end":{"line":162,"column":5}},{"start":{},"end":{}}],"line":159},"41":{"loc":{"start":{"line":168,"column":4},"end":{"line":170,"column":5}},"type":"if","locations":[{"start":{"line":168,"column":4},"end":{"line":170,"column":5}},{"start":{},"end":{}}],"line":168},"42":{"loc":{"start":{"line":171,"column":4},"end":{"line":173,"column":5}},"type":"if","locations":[{"start":{"line":171,"column":4},"end":{"line":173,"column":5}},{"start":{},"end":{}}],"line":171},"43":{"loc":{"start":{"line":176,"column":4},"end":{"line":190,"column":5}},"type":"if","locations":[{"start":{"line":176,"column":4},"end":{"line":190,"column":5}},{"start":{},"end":{}}],"line":176},"44":{"loc":{"start":{"line":176,"column":8},"end":{"line":176,"column":66}},"type":"binary-expr","locations":[{"start":{"line":176,"column":8},"end":{"line":176,"column":37}},{"start":{"line":176,"column":41},"end":{"line":176,"column":66}}],"line":176},"45":{"loc":{"start":{"line":181,"column":10},"end":{"line":186,"column":11}},"type":"if","locations":[{"start":{"line":181,"column":10},"end":{"line":186,"column":11}},{"start":{"line":184,"column":17},"end":{"line":186,"column":11}}],"line":181},"46":{"loc":{"start":{"line":191,"column":4},"end":{"line":193,"column":5}},"type":"if","locations":[{"start":{"line":191,"column":4},"end":{"line":193,"column":5}},{"start":{},"end":{}}],"line":191},"47":{"loc":{"start":{"line":194,"column":4},"end":{"line":198,"column":5}},"type":"if","locations":[{"start":{"line":194,"column":4},"end":{"line":198,"column":5}},{"start":{},"end":{}}],"line":194},"48":{"loc":{"start":{"line":199,"column":4},"end":{"line":202,"column":5}},"type":"if","locations":[{"start":{"line":199,"column":4},"end":{"line":202,"column":5}},{"start":{},"end":{}}],"line":199},"49":{"loc":{"start":{"line":207,"column":20},"end":{"line":207,"column":31}},"type":"default-arg","locations":[{"start":{"line":207,"column":30},"end":{"line":207,"column":31}}],"line":207},"50":{"loc":{"start":{"line":208,"column":4},"end":{"line":210,"column":5}},"type":"if","locations":[{"start":{"line":208,"column":4},"end":{"line":210,"column":5}},{"start":{},"end":{}}],"line":208},"51":{"loc":{"start":{"line":208,"column":8},"end":{"line":208,"column":54}},"type":"binary-expr","locations":[{"start":{"line":208,"column":8},"end":{"line":208,"column":27}},{"start":{"line":208,"column":31},"end":{"line":208,"column":54}}],"line":208},"52":{"loc":{"start":{"line":211,"column":4},"end":{"line":213,"column":5}},"type":"if","locations":[{"start":{"line":211,"column":4},"end":{"line":213,"column":5}},{"start":{},"end":{}}],"line":211},"53":{"loc":{"start":{"line":215,"column":4},"end":{"line":223,"column":5}},"type":"if","locations":[{"start":{"line":215,"column":4},"end":{"line":223,"column":5}},{"start":{},"end":{}}],"line":215},"54":{"loc":{"start":{"line":215,"column":8},"end":{"line":215,"column":43}},"type":"binary-expr","locations":[{"start":{"line":215,"column":8},"end":{"line":215,"column":17}},{"start":{"line":215,"column":21},"end":{"line":215,"column":43}}],"line":215},"55":{"loc":{"start":{"line":217,"column":8},"end":{"line":220,"column":9}},"type":"if","locations":[{"start":{"line":217,"column":8},"end":{"line":220,"column":9}},{"start":{},"end":{}}],"line":217},"56":{"loc":{"start":{"line":225,"column":6},"end":{"line":228,"column":7}},"type":"if","locations":[{"start":{"line":225,"column":6},"end":{"line":228,"column":7}},{"start":{},"end":{}}],"line":225},"57":{"loc":{"start":{"line":234,"column":4},"end":{"line":236,"column":5}},"type":"if","locations":[{"start":{"line":234,"column":4},"end":{"line":236,"column":5}},{"start":{},"end":{}}],"line":234},"58":{"loc":{"start":{"line":237,"column":4},"end":{"line":239,"column":5}},"type":"if","locations":[{"start":{"line":237,"column":4},"end":{"line":239,"column":5}},{"start":{},"end":{}}],"line":237},"59":{"loc":{"start":{"line":240,"column":4},"end":{"line":247,"column":5}},"type":"if","locations":[{"start":{"line":240,"column":4},"end":{"line":247,"column":5}},{"start":{},"end":{}}],"line":240},"60":{"loc":{"start":{"line":241,"column":6},"end":{"line":244,"column":15}},"type":"binary-expr","locations":[{"start":{"line":241,"column":6},"end":{"line":241,"column":34}},{"start":{"line":242,"column":6},"end":{"line":242,"column":34}},{"start":{"line":243,"column":6},"end":{"line":243,"column":29}},{"start":{"line":244,"column":6},"end":{"line":244,"column":15}}],"line":241},"61":{"loc":{"start":{"line":250,"column":4},"end":{"line":257,"column":5}},"type":"switch","locations":[{"start":{"line":251,"column":6},"end":{"line":253,"column":14}},{"start":{"line":254,"column":6},"end":{"line":256,"column":14}}],"line":250},"62":{"loc":{"start":{"line":265,"column":4},"end":{"line":267,"column":5}},"type":"if","locations":[{"start":{"line":265,"column":4},"end":{"line":267,"column":5}},{"start":{},"end":{}}],"line":265},"63":{"loc":{"start":{"line":268,"column":4},"end":{"line":270,"column":5}},"type":"if","locations":[{"start":{"line":268,"column":4},"end":{"line":270,"column":5}},{"start":{},"end":{}}],"line":268},"64":{"loc":{"start":{"line":268,"column":8},"end":{"line":268,"column":49}},"type":"binary-expr","locations":[{"start":{"line":268,"column":8},"end":{"line":268,"column":24}},{"start":{"line":268,"column":28},"end":{"line":268,"column":49}}],"line":268},"65":{"loc":{"start":{"line":274,"column":6},"end":{"line":276,"column":7}},"type":"if","locations":[{"start":{"line":274,"column":6},"end":{"line":276,"column":7}},{"start":{},"end":{}}],"line":274},"66":{"loc":{"start":{"line":277,"column":6},"end":{"line":279,"column":7}},"type":"if","locations":[{"start":{"line":277,"column":6},"end":{"line":279,"column":7}},{"start":{},"end":{}}],"line":277},"67":{"loc":{"start":{"line":293,"column":4},"end":{"line":299,"column":5}},"type":"if","locations":[{"start":{"line":293,"column":4},"end":{"line":299,"column":5}},{"start":{},"end":{}}],"line":293},"68":{"loc":{"start":{"line":294,"column":6},"end":{"line":296,"column":27}},"type":"binary-expr","locations":[{"start":{"line":294,"column":6},"end":{"line":294,"column":32}},{"start":{"line":295,"column":6},"end":{"line":295,"column":21}},{"start":{"line":296,"column":6},"end":{"line":296,"column":27}}],"line":294},"69":{"loc":{"start":{"line":300,"column":4},"end":{"line":302,"column":5}},"type":"if","locations":[{"start":{"line":300,"column":4},"end":{"line":302,"column":5}},{"start":{},"end":{}}],"line":300},"70":{"loc":{"start":{"line":304,"column":6},"end":{"line":310,"column":7}},"type":"if","locations":[{"start":{"line":304,"column":6},"end":{"line":310,"column":7}},{"start":{},"end":{}}],"line":304},"71":{"loc":{"start":{"line":305,"column":8},"end":{"line":307,"column":39}},"type":"binary-expr","locations":[{"start":{"line":305,"column":8},"end":{"line":305,"column":44}},{"start":{"line":306,"column":8},"end":{"line":306,"column":33}},{"start":{"line":307,"column":8},"end":{"line":307,"column":39}}],"line":305},"72":{"loc":{"start":{"line":314,"column":8},"end":{"line":324,"column":9}},"type":"if","locations":[{"start":{"line":314,"column":8},"end":{"line":324,"column":9}},{"start":{"line":322,"column":15},"end":{"line":324,"column":9}}],"line":314},"73":{"loc":{"start":{"line":315,"column":10},"end":{"line":321,"column":11}},"type":"if","locations":[{"start":{"line":315,"column":10},"end":{"line":321,"column":11}},{"start":{},"end":{}}],"line":315},"74":{"loc":{"start":{"line":331,"column":4},"end":{"line":337,"column":5}},"type":"if","locations":[{"start":{"line":331,"column":4},"end":{"line":337,"column":5}},{"start":{},"end":{}}],"line":331},"75":{"loc":{"start":{"line":332,"column":6},"end":{"line":334,"column":27}},"type":"binary-expr","locations":[{"start":{"line":332,"column":6},"end":{"line":332,"column":32}},{"start":{"line":333,"column":6},"end":{"line":333,"column":21}},{"start":{"line":334,"column":6},"end":{"line":334,"column":27}}],"line":332},"76":{"loc":{"start":{"line":338,"column":4},"end":{"line":340,"column":5}},"type":"if","locations":[{"start":{"line":338,"column":4},"end":{"line":340,"column":5}},{"start":{},"end":{}}],"line":338},"77":{"loc":{"start":{"line":338,"column":8},"end":{"line":338,"column":34}},"type":"binary-expr","locations":[{"start":{"line":338,"column":8},"end":{"line":338,"column":11}},{"start":{"line":338,"column":15},"end":{"line":338,"column":34}}],"line":338},"78":{"loc":{"start":{"line":342,"column":4},"end":{"line":347,"column":5}},"type":"if","locations":[{"start":{"line":342,"column":4},"end":{"line":347,"column":5}},{"start":{},"end":{}}],"line":342},"79":{"loc":{"start":{"line":349,"column":6},"end":{"line":351,"column":7}},"type":"if","locations":[{"start":{"line":349,"column":6},"end":{"line":351,"column":7}},{"start":{},"end":{}}],"line":349},"80":{"loc":{"start":{"line":357,"column":4},"end":{"line":363,"column":5}},"type":"if","locations":[{"start":{"line":357,"column":4},"end":{"line":363,"column":5}},{"start":{},"end":{}}],"line":357},"81":{"loc":{"start":{"line":358,"column":6},"end":{"line":360,"column":27}},"type":"binary-expr","locations":[{"start":{"line":358,"column":6},"end":{"line":358,"column":32}},{"start":{"line":359,"column":6},"end":{"line":359,"column":21}},{"start":{"line":360,"column":6},"end":{"line":360,"column":27}}],"line":358},"82":{"loc":{"start":{"line":365,"column":4},"end":{"line":370,"column":5}},"type":"if","locations":[{"start":{"line":365,"column":4},"end":{"line":370,"column":5}},{"start":{},"end":{}}],"line":365},"83":{"loc":{"start":{"line":371,"column":4},"end":{"line":373,"column":5}},"type":"if","locations":[{"start":{"line":371,"column":4},"end":{"line":373,"column":5}},{"start":{},"end":{}}],"line":371},"84":{"loc":{"start":{"line":376,"column":6},"end":{"line":378,"column":7}},"type":"if","locations":[{"start":{"line":376,"column":6},"end":{"line":378,"column":7}},{"start":{},"end":{}}],"line":376},"85":{"loc":{"start":{"line":384,"column":4},"end":{"line":390,"column":5}},"type":"if","locations":[{"start":{"line":384,"column":4},"end":{"line":390,"column":5}},{"start":{},"end":{}}],"line":384},"86":{"loc":{"start":{"line":385,"column":6},"end":{"line":387,"column":27}},"type":"binary-expr","locations":[{"start":{"line":385,"column":6},"end":{"line":385,"column":32}},{"start":{"line":386,"column":6},"end":{"line":386,"column":21}},{"start":{"line":387,"column":6},"end":{"line":387,"column":27}}],"line":385},"87":{"loc":{"start":{"line":391,"column":4},"end":{"line":393,"column":5}},"type":"if","locations":[{"start":{"line":391,"column":4},"end":{"line":393,"column":5}},{"start":{},"end":{}}],"line":391},"88":{"loc":{"start":{"line":391,"column":8},"end":{"line":391,"column":34}},"type":"binary-expr","locations":[{"start":{"line":391,"column":8},"end":{"line":391,"column":11}},{"start":{"line":391,"column":15},"end":{"line":391,"column":34}}],"line":391},"89":{"loc":{"start":{"line":395,"column":4},"end":{"line":400,"column":5}},"type":"if","locations":[{"start":{"line":395,"column":4},"end":{"line":400,"column":5}},{"start":{},"end":{}}],"line":395},"90":{"loc":{"start":{"line":402,"column":6},"end":{"line":404,"column":7}},"type":"if","locations":[{"start":{"line":402,"column":6},"end":{"line":404,"column":7}},{"start":{},"end":{}}],"line":402},"91":{"loc":{"start":{"line":410,"column":4},"end":{"line":416,"column":5}},"type":"if","locations":[{"start":{"line":410,"column":4},"end":{"line":416,"column":5}},{"start":{},"end":{}}],"line":410},"92":{"loc":{"start":{"line":411,"column":6},"end":{"line":413,"column":27}},"type":"binary-expr","locations":[{"start":{"line":411,"column":6},"end":{"line":411,"column":32}},{"start":{"line":412,"column":6},"end":{"line":412,"column":21}},{"start":{"line":413,"column":6},"end":{"line":413,"column":27}}],"line":411},"93":{"loc":{"start":{"line":417,"column":4},"end":{"line":419,"column":5}},"type":"if","locations":[{"start":{"line":417,"column":4},"end":{"line":419,"column":5}},{"start":{},"end":{}}],"line":417},"94":{"loc":{"start":{"line":417,"column":8},"end":{"line":417,"column":52}},"type":"binary-expr","locations":[{"start":{"line":417,"column":8},"end":{"line":417,"column":17}},{"start":{"line":417,"column":21},"end":{"line":417,"column":52}}],"line":417},"95":{"loc":{"start":{"line":421,"column":4},"end":{"line":426,"column":5}},"type":"if","locations":[{"start":{"line":421,"column":4},"end":{"line":426,"column":5}},{"start":{},"end":{}}],"line":421},"96":{"loc":{"start":{"line":429,"column":6},"end":{"line":431,"column":7}},"type":"if","locations":[{"start":{"line":429,"column":6},"end":{"line":431,"column":7}},{"start":{},"end":{}}],"line":429},"97":{"loc":{"start":{"line":437,"column":4},"end":{"line":443,"column":5}},"type":"if","locations":[{"start":{"line":437,"column":4},"end":{"line":443,"column":5}},{"start":{},"end":{}}],"line":437},"98":{"loc":{"start":{"line":438,"column":6},"end":{"line":440,"column":27}},"type":"binary-expr","locations":[{"start":{"line":438,"column":6},"end":{"line":438,"column":32}},{"start":{"line":439,"column":6},"end":{"line":439,"column":21}},{"start":{"line":440,"column":6},"end":{"line":440,"column":27}}],"line":438},"99":{"loc":{"start":{"line":445,"column":4},"end":{"line":453,"column":5}},"type":"if","locations":[{"start":{"line":445,"column":4},"end":{"line":453,"column":5}},{"start":{},"end":{}}],"line":445},"100":{"loc":{"start":{"line":454,"column":4},"end":{"line":462,"column":5}},"type":"if","locations":[{"start":{"line":454,"column":4},"end":{"line":462,"column":5}},{"start":{},"end":{}}],"line":454}},"s":{"0":1,"1":13,"2":13,"3":3,"4":10,"5":1,"6":9,"7":4,"8":5,"9":5,"10":13,"11":5,"12":6,"13":2,"14":4,"15":1,"16":3,"17":15,"18":16,"19":16,"20":3,"21":13,"22":1,"23":12,"24":4,"25":8,"26":8,"27":3,"28":5,"29":1,"30":4,"31":1,"32":1,"33":1,"34":3,"35":5,"36":5,"37":5,"38":2,"39":2,"40":1,"41":3,"42":1,"43":3,"44":1,"45":1,"46":1,"47":3,"48":3,"49":1,"50":1,"51":1,"52":3,"53":3,"54":7,"55":3,"56":3,"57":3,"58":11,"59":2,"60":9,"61":1,"62":8,"63":5,"64":3,"65":3,"66":10,"67":2,"68":8,"69":1,"70":7,"71":3,"72":4,"73":1,"74":1,"75":2,"76":4,"77":2,"78":1,"79":3,"80":1,"81":3,"82":1,"83":1,"84":1,"85":2,"86":3,"87":1,"88":1,"89":2,"90":3,"91":3,"92":6,"93":1,"94":5,"95":1,"96":4,"97":1,"98":1,"99":3,"100":4,"101":2,"102":2,"103":2,"104":3,"105":4,"106":1,"107":4,"108":1,"109":1,"110":1,"111":2,"112":4,"113":1,"114":1,"115":1,"116":4,"117":4,"118":16,"119":1,"120":15,"121":1,"122":14,"123":14,"124":1,"125":1,"126":4,"127":1,"128":1,"129":1,"130":13,"131":13,"132":30,"133":10,"134":10,"135":13,"136":7,"137":1,"138":6,"139":1,"140":5,"141":3,"142":2,"143":2,"144":1,"145":1,"146":1,"147":2,"148":1,"149":2,"150":2,"151":4,"152":2,"153":5,"154":1,"155":4,"156":1,"157":3,"158":3,"159":3,"160":8,"161":1,"162":7,"163":1,"164":1,"165":1,"166":2,"167":2,"168":2,"169":6,"170":2,"171":1,"172":8,"173":3,"174":5,"175":1,"176":4,"177":4,"178":4,"179":1,"180":3,"181":3,"182":3,"183":3,"184":2,"185":1,"186":1,"187":2,"188":2,"189":1,"190":3,"191":6,"192":3,"193":3,"194":1,"195":2,"196":2,"197":1,"198":3,"199":1,"200":1,"201":3,"202":1,"203":1,"204":6,"205":3,"206":3,"207":3,"208":1,"209":3,"210":1,"211":2,"212":1,"213":1,"214":3,"215":3,"216":1,"217":1,"218":6,"219":3,"220":3,"221":1,"222":2,"223":2,"224":1,"225":3,"226":1,"227":1,"228":3,"229":2,"230":1,"231":6,"232":3,"233":3,"234":1,"235":2,"236":2,"237":1,"238":3,"239":1,"240":1,"241":3,"242":3,"243":2,"244":1,"245":6,"246":3,"247":3,"248":3,"249":1,"250":3,"251":3,"252":3,"253":3,"254":1,"255":2,"256":1,"257":3,"258":3,"259":3,"260":3,"261":1,"262":1,"263":3,"264":3,"265":3,"266":3,"267":1,"268":1},"f":{"0":13,"1":6,"2":15,"3":16,"4":8,"5":5,"6":3,"7":1,"8":11,"9":10,"10":4,"11":2,"12":2,"13":6,"14":3,"15":2,"16":1,"17":16,"18":7,"19":2,"20":5,"21":8,"22":8,"23":6,"24":6,"25":6,"26":6,"27":6},"b":{"0":[3],"1":[3,10],"2":[13,12,11],"3":[1,9],"4":[4,5],"5":[9,8,7],"6":[2,4],"7":[6,5],"8":[1,3],"9":[2],"10":[3,13],"11":[16,15,14],"12":[1,12],"13":[4,8],"14":[12,11,10,9],"15":[3,5],"16":[8,7,6],"17":[1,4],"18":[1,3],"19":[4,2],"20":[2,3],"21":[1,2],"22":[1,2],"23":[1,2],"24":[3,4],"25":[2],"26":[2,9],"27":[11,10],"28":[1,8],"29":[5,3],"30":[8,7,6,4],"31":[2,8],"32":[10,9],"33":[1,7],"34":[3,4],"35":[7,5],"36":[1,3],"37":[4,2],"38":[1,2],"39":[1,2],"40":[1,2],"41":[1,5],"42":[1,4],"43":[1,3],"44":[4,2],"45":[2,2],"46":[1,3],"47":[1,3],"48":[1,3],"49":[15],"50":[1,15],"51":[16,2],"52":[1,14],"53":[1,13],"54":[14,10],"55":[1,3],"56":[10,20],"57":[1,6],"58":[1,5],"59":[3,2],"60":[5,4,3,3],"61":[1,1],"62":[1,4],"63":[1,3],"64":[4,1],"65":[1,7],"66":[1,6],"67":[3,5],"68":[8,7,6],"69":[1,4],"70":[1,3],"71":[4,3,3],"72":[2,1],"73":[1,1],"74":[3,3],"75":[6,5,4],"76":[1,2],"77":[3,2],"78":[1,1],"79":[1,2],"80":[3,3],"81":[6,5,4],"82":[1,2],"83":[1,1],"84":[1,2],"85":[3,3],"86":[6,5,4],"87":[1,2],"88":[3,2],"89":[1,1],"90":[2,1],"91":[3,3],"92":[6,5,4],"93":[1,2],"94":[3,2],"95":[1,1],"96":[2,1],"97":[3,3],"98":[6,5,4],"99":[1,2],"100":[1,1]},"_coverageSchema":"1a1c01bbd47fc00a2c39e90264f33305004495a9","hash":"63ea9f1d035fccb326deca6d9bd5b9dd1cd13719"}
,"/Users/ritakisil/Desktop/practice/rss-lithuania/inheritance/costom methods/service-methods.js": {"path":"/Users/ritakisil/Desktop/practice/rss-lithuania/inheritance/costom methods/service-methods.js","statementMap":{"0":{"start":{"line":2,"column":20},"end":{"line":2,"column":30}},"1":{"start":{"line":3,"column":4},"end":{"line":3,"column":27}},"2":{"start":{"line":5,"column":4},"end":{"line":5,"column":15}},"3":{"start":{"line":10,"column":19},"end":{"line":10,"column":21}},"4":{"start":{"line":11,"column":19},"end":{"line":11,"column":29}},"5":{"start":{"line":13,"column":4},"end":{"line":15,"column":5}},"6":{"start":{"line":14,"column":8},"end":{"line":14,"column":22}},"7":{"start":{"line":16,"column":4},"end":{"line":18,"column":5}},"8":{"start":{"line":17,"column":8},"end":{"line":17,"column":18}},"9":{"start":{"line":19,"column":4},"end":{"line":21,"column":5}},"10":{"start":{"line":20,"column":8},"end":{"line":20,"column":21}},"11":{"start":{"line":23,"column":4},"end":{"line":25,"column":5}},"12":{"start":{"line":24,"column":8},"end":{"line":24,"column":31}},"13":{"start":{"line":26,"column":4},"end":{"line":28,"column":5}},"14":{"start":{"line":27,"column":8},"end":{"line":27,"column":27}},"15":{"start":{"line":29,"column":4},"end":{"line":31,"column":5}},"16":{"start":{"line":30,"column":8},"end":{"line":30,"column":22}},"17":{"start":{"line":32,"column":4},"end":{"line":34,"column":7}},"18":{"start":{"line":32,"column":17},"end":{"line":32,"column":22}},"19":{"start":{"line":33,"column":8},"end":{"line":33,"column":30}},"20":{"start":{"line":35,"column":2},"end":{"line":35,"column":16}},"21":{"start":{"line":40,"column":4},"end":{"line":45,"column":5}},"22":{"start":{"line":40,"column":17},"end":{"line":40,"column":18}},"23":{"start":{"line":41,"column":8},"end":{"line":44,"column":9}},"24":{"start":{"line":42,"column":12},"end":{"line":42,"column":28}},"25":{"start":{"line":43,"column":12},"end":{"line":43,"column":18}},"26":{"start":{"line":46,"column":4},"end":{"line":46,"column":18}},"27":{"start":{"line":50,"column":19},"end":{"line":50,"column":21}},"28":{"start":{"line":51,"column":4},"end":{"line":55,"column":5}},"29":{"start":{"line":51,"column":17},"end":{"line":51,"column":18}},"30":{"start":{"line":52,"column":8},"end":{"line":54,"column":9}},"31":{"start":{"line":53,"column":12},"end":{"line":53,"column":43}},"32":{"start":{"line":56,"column":4},"end":{"line":56,"column":18}},"33":{"start":{"line":60,"column":4},"end":{"line":62,"column":5}},"34":{"start":{"line":60,"column":17},"end":{"line":60,"column":18}},"35":{"start":{"line":61,"column":8},"end":{"line":61,"column":33}},"36":{"start":{"line":65,"column":0},"end":{"line":65,"column":60}}},"fnMap":{"0":{"name":"sPush","decl":{"start":{"line":1,"column":9},"end":{"line":1,"column":14}},"loc":{"start":{"line":1,"column":30},"end":{"line":6,"column":1}},"line":1},"1":{"name":"sSlice","decl":{"start":{"line":8,"column":9},"end":{"line":8,"column":15}},"loc":{"start":{"line":8,"column":34},"end":{"line":36,"column":1}},"line":8},"2":{"name":"sFind","decl":{"start":{"line":38,"column":9},"end":{"line":38,"column":14}},"loc":{"start":{"line":38,"column":30},"end":{"line":47,"column":1}},"line":38},"3":{"name":"sFilter","decl":{"start":{"line":49,"column":9},"end":{"line":49,"column":16}},"loc":{"start":{"line":49,"column":32},"end":{"line":57,"column":1}},"line":49},"4":{"name":"sForEach","decl":{"start":{"line":59,"column":9},"end":{"line":59,"column":17}},"loc":{"start":{"line":59,"column":33},"end":{"line":63,"column":1}},"line":59}},"branchMap":{"0":{"loc":{"start":{"line":13,"column":4},"end":{"line":15,"column":5}},"type":"if","locations":[{"start":{"line":13,"column":4},"end":{"line":15,"column":5}},{"start":{},"end":{}}],"line":13},"1":{"loc":{"start":{"line":16,"column":4},"end":{"line":18,"column":5}},"type":"if","locations":[{"start":{"line":16,"column":4},"end":{"line":18,"column":5}},{"start":{},"end":{}}],"line":16},"2":{"loc":{"start":{"line":16,"column":8},"end":{"line":16,"column":34}},"type":"binary-expr","locations":[{"start":{"line":16,"column":8},"end":{"line":16,"column":14}},{"start":{"line":16,"column":18},"end":{"line":16,"column":34}}],"line":16},"3":{"loc":{"start":{"line":19,"column":4},"end":{"line":21,"column":5}},"type":"if","locations":[{"start":{"line":19,"column":4},"end":{"line":21,"column":5}},{"start":{},"end":{}}],"line":19},"4":{"loc":{"start":{"line":19,"column":8},"end":{"line":19,"column":28}},"type":"binary-expr","locations":[{"start":{"line":19,"column":8},"end":{"line":19,"column":12}},{"start":{"line":19,"column":16},"end":{"line":19,"column":28}}],"line":19},"5":{"loc":{"start":{"line":23,"column":4},"end":{"line":25,"column":5}},"type":"if","locations":[{"start":{"line":23,"column":4},"end":{"line":25,"column":5}},{"start":{},"end":{}}],"line":23},"6":{"loc":{"start":{"line":23,"column":8},"end":{"line":23,"column":37}},"type":"binary-expr","locations":[{"start":{"line":23,"column":8},"end":{"line":23,"column":17}},{"start":{"line":23,"column":21},"end":{"line":23,"column":37}}],"line":23},"7":{"loc":{"start":{"line":26,"column":4},"end":{"line":28,"column":5}},"type":"if","locations":[{"start":{"line":26,"column":4},"end":{"line":28,"column":5}},{"start":{},"end":{}}],"line":26},"8":{"loc":{"start":{"line":26,"column":8},"end":{"line":26,"column":33}},"type":"binary-expr","locations":[{"start":{"line":26,"column":8},"end":{"line":26,"column":15}},{"start":{"line":26,"column":19},"end":{"line":26,"column":33}}],"line":26},"9":{"loc":{"start":{"line":29,"column":4},"end":{"line":31,"column":5}},"type":"if","locations":[{"start":{"line":29,"column":4},"end":{"line":31,"column":5}},{"start":{},"end":{}}],"line":29},"10":{"loc":{"start":{"line":41,"column":8},"end":{"line":44,"column":9}},"type":"if","locations":[{"start":{"line":41,"column":8},"end":{"line":44,"column":9}},{"start":{},"end":{}}],"line":41},"11":{"loc":{"start":{"line":52,"column":8},"end":{"line":54,"column":9}},"type":"if","locations":[{"start":{"line":52,"column":8},"end":{"line":54,"column":9}},{"start":{},"end":{}}],"line":52}},"s":{"0":123,"1":123,"2":123,"3":35,"4":35,"5":35,"6":1,"7":34,"8":13,"9":34,"10":8,"11":34,"12":1,"13":34,"14":1,"15":34,"16":2,"17":32,"18":32,"19":70,"20":32,"21":5,"22":5,"23":8,"24":5,"25":5,"26":5,"27":9,"28":9,"29":9,"30":31,"31":13,"32":9,"33":4,"34":4,"35":14,"36":2},"f":{"0":123,"1":35,"2":5,"3":9,"4":4},"b":{"0":[1,34],"1":[13,21],"2":[34,22],"3":[8,26],"4":[34,30],"5":[1,33],"6":[34,1],"7":[1,33],"8":[34,2],"9":[2,32],"10":[5,3],"11":[13,18]},"_coverageSchema":"1a1c01bbd47fc00a2c39e90264f33305004495a9","hash":"6a89cbcb2eac503d8e7d6c46f51706752943f5b4"}
}
