TN:
SF:costom methods/lodash.js
FN:10,(anonymous_0)
FN:27,(anonymous_1)
FN:34,(anonymous_2)
FN:37,(anonymous_3)
FN:51,(anonymous_4)
FN:64,(anonymous_5)
FN:79,(anonymous_6)
FN:83,(anonymous_7)
FN:94,(anonymous_8)
FN:106,(anonymous_9)
FN:117,(anonymous_10)
FN:121,(anonymous_11)
FN:127,(anonymous_12)
FN:138,(anonymous_13)
FN:157,(anonymous_14)
FN:161,(anonymous_15)
FN:167,(anonymous_16)
FN:181,(anonymous_17)
FN:192,(anonymous_18)
FN:201,(anonymous_19)
FN:216,(anonymous_20)
FN:222,(anonymous_21)
FN:240,(anonymous_22)
FN:261,(anonymous_23)
FN:271,(anonymous_24)
FN:282,(anonymous_25)
FN:292,(anonymous_26)
FN:303,(anonymous_27)
FNF:28
FNH:28
FNDA:7,(anonymous_0)
FNDA:6,(anonymous_1)
FNDA:15,(anonymous_2)
FNDA:11,(anonymous_3)
FNDA:6,(anonymous_4)
FNDA:5,(anonymous_5)
FNDA:3,(anonymous_6)
FNDA:1,(anonymous_7)
FNDA:6,(anonymous_8)
FNDA:4,(anonymous_9)
FNDA:2,(anonymous_10)
FNDA:2,(anonymous_11)
FNDA:6,(anonymous_12)
FNDA:3,(anonymous_13)
FNDA:2,(anonymous_14)
FNDA:1,(anonymous_15)
FNDA:9,(anonymous_16)
FNDA:3,(anonymous_17)
FNDA:2,(anonymous_18)
FNDA:8,(anonymous_19)
FNDA:4,(anonymous_20)
FNDA:8,(anonymous_21)
FNDA:3,(anonymous_22)
FNDA:1,(anonymous_23)
FNDA:1,(anonymous_24)
FNDA:1,(anonymous_25)
FNDA:1,(anonymous_26)
FNDA:1,(anonymous_27)
DA:7,1
DA:11,7
DA:12,7
DA:13,3
DA:15,4
DA:16,1
DA:18,3
DA:19,1
DA:21,2
DA:22,7
DA:24,2
DA:28,6
DA:29,2
DA:31,4
DA:32,1
DA:34,15
DA:38,11
DA:39,11
DA:40,1
DA:42,10
DA:43,1
DA:45,9
DA:46,1
DA:48,8
DA:52,6
DA:53,1
DA:55,5
DA:56,1
DA:60,4
DA:61,1
DA:62,1
DA:63,3
DA:64,5
DA:65,5
DA:66,2
DA:67,2
DA:71,1
DA:73,3
DA:74,1
DA:76,3
DA:77,1
DA:78,1
DA:79,3
DA:81,3
DA:82,1
DA:83,1
DA:85,3
DA:86,7
DA:87,3
DA:88,3
DA:91,3
DA:95,6
DA:96,1
DA:98,5
DA:99,1
DA:103,4
DA:104,1
DA:105,1
DA:106,4
DA:107,2
DA:109,1
DA:111,3
DA:112,1
DA:114,3
DA:115,1
DA:116,1
DA:117,2
DA:119,3
DA:120,1
DA:121,2
DA:123,3
DA:124,3
DA:128,6
DA:129,1
DA:131,5
DA:132,1
DA:136,4
DA:137,1
DA:138,1
DA:140,3
DA:141,4
DA:142,2
DA:143,2
DA:145,2
DA:148,3
DA:151,4
DA:152,1
DA:154,4
DA:155,1
DA:156,1
DA:157,2
DA:159,4
DA:160,1
DA:161,1
DA:163,4
DA:164,4
DA:168,9
DA:169,1
DA:171,8
DA:172,8
DA:173,12
DA:174,5
DA:175,5
DA:178,8
DA:182,3
DA:183,1
DA:185,2
DA:187,2
DA:189,1
DA:190,1
DA:192,2
DA:193,1
DA:195,2
DA:196,4
DA:198,2
DA:202,8
DA:203,2
DA:205,6
DA:206,1
DA:208,5
DA:209,1
DA:212,4
DA:213,4
DA:217,4
DA:218,1
DA:220,3
DA:221,3
DA:222,3
DA:223,8
DA:224,1
DA:226,7
DA:227,1
DA:230,1
DA:231,2
DA:232,2
DA:233,6
DA:235,2
DA:237,1
DA:241,3
DA:242,3
DA:243,3
DA:244,3
DA:245,3
DA:246,2
DA:247,1
DA:248,2
DA:249,2
DA:254,1
DA:258,3
DA:262,1
DA:263,1
DA:264,3
DA:265,1
DA:268,1
DA:272,1
DA:273,1
DA:274,3
DA:275,3
DA:276,1
DA:279,1
DA:283,1
DA:284,1
DA:285,3
DA:286,2
DA:289,1
DA:293,1
DA:294,1
DA:295,3
DA:296,3
DA:297,2
DA:300,1
DA:304,1
DA:305,1
DA:306,3
DA:307,3
DA:308,3
DA:309,3
DA:311,1
DA:314,1
LF:179
LH:179
BRDA:10,0,0,1
BRDA:12,1,0,3
BRDA:12,1,1,4
BRDA:12,2,0,7
BRDA:12,2,1,6
BRDA:15,3,0,1
BRDA:15,3,1,3
BRDA:18,4,0,1
BRDA:18,4,1,2
BRDA:28,5,0,2
BRDA:28,5,1,4
BRDA:28,6,0,6
BRDA:28,6,1,5
BRDA:31,7,0,1
BRDA:31,7,1,3
BRDA:37,8,0,1
BRDA:39,9,0,1
BRDA:39,9,1,10
BRDA:39,10,0,11
BRDA:39,10,1,11
BRDA:42,11,0,1
BRDA:42,11,1,9
BRDA:45,12,0,1
BRDA:45,12,1,8
BRDA:52,13,0,1
BRDA:52,13,1,5
BRDA:55,14,0,1
BRDA:55,14,1,4
BRDA:60,15,0,1
BRDA:60,15,1,3
BRDA:60,16,0,4
BRDA:60,16,1,2
BRDA:65,17,0,2
BRDA:65,17,1,3
BRDA:73,18,0,1
BRDA:73,18,1,2
BRDA:76,19,0,1
BRDA:76,19,1,2
BRDA:81,20,0,1
BRDA:81,20,1,2
BRDA:86,21,0,3
BRDA:86,21,1,4
BRDA:95,22,0,1
BRDA:95,22,1,5
BRDA:98,23,0,1
BRDA:98,23,1,4
BRDA:103,24,0,1
BRDA:103,24,1,3
BRDA:103,25,0,4
BRDA:103,25,1,2
BRDA:111,26,0,1
BRDA:111,26,1,2
BRDA:114,27,0,1
BRDA:114,27,1,2
BRDA:119,28,0,1
BRDA:119,28,1,2
BRDA:128,29,0,1
BRDA:128,29,1,5
BRDA:131,30,0,1
BRDA:131,30,1,4
BRDA:136,31,0,1
BRDA:136,31,1,3
BRDA:136,32,0,4
BRDA:136,32,1,2
BRDA:141,33,0,2
BRDA:141,33,1,2
BRDA:151,34,0,1
BRDA:151,34,1,3
BRDA:154,35,0,1
BRDA:154,35,1,3
BRDA:159,36,0,1
BRDA:159,36,1,3
BRDA:167,37,0,8
BRDA:168,38,0,1
BRDA:168,38,1,8
BRDA:173,39,0,5
BRDA:173,39,1,7
BRDA:182,40,0,1
BRDA:182,40,1,2
BRDA:187,41,0,1
BRDA:187,41,1,1
BRDA:201,42,0,2
BRDA:202,43,0,2
BRDA:202,43,1,6
BRDA:202,44,0,8
BRDA:202,44,1,7
BRDA:205,45,0,1
BRDA:205,45,1,5
BRDA:208,46,0,1
BRDA:208,46,1,4
BRDA:217,47,0,1
BRDA:217,47,1,3
BRDA:223,48,0,1
BRDA:223,48,1,7
BRDA:226,49,0,1
BRDA:226,49,1,6
BRDA:245,50,0,2
BRDA:245,50,1,1
BRDA:246,51,0,1
BRDA:246,51,1,1
BRDA:264,52,0,1
BRDA:264,52,1,2
BRDA:275,53,0,1
BRDA:275,53,1,2
BRDA:285,54,0,2
BRDA:285,54,1,1
BRDA:296,55,0,2
BRDA:296,55,1,1
BRF:108
BRH:108
end_of_record
TN:
SF:costom methods/service-methods.js
FN:1,sPush
FN:8,sSlice
FN:38,sFind
FN:49,sFilter
FN:59,sForEach
FNF:5
FNH:5
FNDA:85,sPush
FNDA:29,sSlice
FNDA:5,sFind
FNDA:9,sFilter
FNDA:4,sForEach
DA:2,85
DA:3,85
DA:5,85
DA:10,29
DA:11,29
DA:13,29
DA:14,1
DA:16,28
DA:17,10
DA:19,28
DA:20,7
DA:23,28
DA:24,1
DA:26,28
DA:27,1
DA:29,28
DA:30,2
DA:32,26
DA:33,56
DA:35,26
DA:40,5
DA:41,8
DA:42,5
DA:43,5
DA:46,5
DA:50,9
DA:51,9
DA:52,31
DA:53,13
DA:56,9
DA:60,4
DA:61,14
DA:65,2
LF:33
LH:33
BRDA:13,0,0,1
BRDA:13,0,1,28
BRDA:16,1,0,10
BRDA:16,1,1,18
BRDA:16,2,0,28
BRDA:16,2,1,19
BRDA:19,3,0,7
BRDA:19,3,1,21
BRDA:19,4,0,28
BRDA:19,4,1,24
BRDA:23,5,0,1
BRDA:23,5,1,27
BRDA:23,6,0,28
BRDA:23,6,1,1
BRDA:26,7,0,1
BRDA:26,7,1,27
BRDA:26,8,0,28
BRDA:26,8,1,2
BRDA:29,9,0,2
BRDA:29,9,1,26
BRDA:41,10,0,5
BRDA:41,10,1,3
BRDA:52,11,0,13
BRDA:52,11,1,18
BRF:24
BRH:24
end_of_record
