TN:
SF:costom methods/lodash.js
FN:10,(anonymous_0)
FN:33,(anonymous_1)
FN:40,(anonymous_2)
FN:43,(anonymous_3)
FN:64,(anonymous_4)
FN:77,(anonymous_5)
FN:92,(anonymous_6)
FN:96,(anonymous_7)
FN:107,(anonymous_8)
FN:129,(anonymous_9)
FN:146,(anonymous_10)
FN:157,(anonymous_11)
FN:161,(anonymous_12)
FN:167,(anonymous_13)
FN:178,(anonymous_14)
FN:197,(anonymous_15)
FN:201,(anonymous_16)
FN:207,(anonymous_17)
FN:233,(anonymous_18)
FN:255,(anonymous_19)
FN:264,(anonymous_20)
FN:273,(anonymous_21)
FN:291,(anonymous_22)
FN:330,(anonymous_23)
FN:356,(anonymous_24)
FN:383,(anonymous_25)
FN:409,(anonymous_26)
FN:436,(anonymous_27)
FNF:28
FNH:28
FNDA:13,(anonymous_0)
FNDA:6,(anonymous_1)
FNDA:15,(anonymous_2)
FNDA:16,(anonymous_3)
FNDA:8,(anonymous_4)
FNDA:5,(anonymous_5)
FNDA:3,(anonymous_6)
FNDA:1,(anonymous_7)
FNDA:11,(anonymous_8)
FNDA:10,(anonymous_9)
FNDA:4,(anonymous_10)
FNDA:2,(anonymous_11)
FNDA:2,(anonymous_12)
FNDA:6,(anonymous_13)
FNDA:3,(anonymous_14)
FNDA:2,(anonymous_15)
FNDA:1,(anonymous_16)
FNDA:16,(anonymous_17)
FNDA:7,(anonymous_18)
FNDA:2,(anonymous_19)
FNDA:5,(anonymous_20)
FNDA:8,(anonymous_21)
FNDA:8,(anonymous_22)
FNDA:6,(anonymous_23)
FNDA:6,(anonymous_24)
FNDA:6,(anonymous_25)
FNDA:6,(anonymous_26)
FNDA:6,(anonymous_27)
DA:7,1
DA:11,13
DA:12,13
DA:13,3
DA:15,10
DA:16,1
DA:18,9
DA:23,4
DA:27,5
DA:28,13
DA:30,5
DA:34,6
DA:35,2
DA:37,4
DA:38,1
DA:40,15
DA:44,16
DA:45,16
DA:46,3
DA:48,13
DA:49,1
DA:51,12
DA:57,4
DA:61,8
DA:65,8
DA:66,3
DA:68,5
DA:69,1
DA:73,4
DA:74,1
DA:75,1
DA:76,3
DA:77,5
DA:78,5
DA:79,2
DA:80,2
DA:84,1
DA:86,3
DA:87,1
DA:89,3
DA:90,1
DA:91,1
DA:92,3
DA:94,3
DA:95,1
DA:96,1
DA:98,3
DA:99,7
DA:100,3
DA:101,3
DA:104,3
DA:108,11
DA:109,2
DA:111,9
DA:112,1
DA:114,8
DA:120,5
DA:125,3
DA:126,3
DA:130,10
DA:131,2
DA:133,8
DA:134,1
DA:136,7
DA:137,3
DA:143,4
DA:144,1
DA:145,1
DA:146,4
DA:147,2
DA:149,1
DA:151,3
DA:152,1
DA:154,3
DA:155,1
DA:156,1
DA:157,2
DA:159,3
DA:160,1
DA:161,2
DA:163,3
DA:164,3
DA:168,6
DA:169,1
DA:171,5
DA:172,1
DA:176,4
DA:177,1
DA:178,1
DA:180,3
DA:181,4
DA:182,2
DA:183,2
DA:185,2
DA:188,3
DA:191,4
DA:192,1
DA:194,4
DA:195,1
DA:196,1
DA:197,2
DA:199,4
DA:200,1
DA:201,1
DA:203,4
DA:204,4
DA:208,16
DA:209,1
DA:211,15
DA:212,1
DA:214,14
DA:215,14
DA:216,1
DA:217,4
DA:218,1
DA:219,1
DA:222,1
DA:224,13
DA:225,30
DA:226,10
DA:227,10
DA:230,13
DA:234,7
DA:235,1
DA:237,6
DA:238,1
DA:240,5
DA:246,3
DA:248,2
DA:250,2
DA:252,1
DA:253,1
DA:255,2
DA:256,1
DA:258,2
DA:259,4
DA:261,2
DA:265,5
DA:266,1
DA:268,4
DA:269,1
DA:271,3
DA:272,3
DA:273,3
DA:274,8
DA:275,1
DA:277,7
DA:278,1
DA:281,1
DA:282,2
DA:283,2
DA:284,6
DA:286,2
DA:288,1
DA:293,8
DA:298,3
DA:300,5
DA:301,1
DA:303,4
DA:304,4
DA:309,1
DA:311,3
DA:312,3
DA:313,3
DA:314,3
DA:315,2
DA:316,1
DA:317,2
DA:318,2
DA:323,1
DA:327,3
DA:331,6
DA:336,3
DA:338,3
DA:339,1
DA:341,2
DA:342,2
DA:343,1
DA:344,3
DA:346,1
DA:348,1
DA:349,3
DA:350,1
DA:353,1
DA:357,6
DA:362,3
DA:364,3
DA:365,3
DA:366,1
DA:367,3
DA:369,1
DA:371,2
DA:372,1
DA:374,1
DA:375,3
DA:376,3
DA:377,1
DA:380,1
DA:384,6
DA:389,3
DA:391,3
DA:392,1
DA:394,2
DA:395,2
DA:396,1
DA:397,3
DA:399,1
DA:401,1
DA:402,3
DA:403,2
DA:406,1
DA:410,6
DA:415,3
DA:417,3
DA:418,1
DA:420,2
DA:421,2
DA:422,1
DA:423,3
DA:425,1
DA:427,1
DA:428,3
DA:429,3
DA:430,2
DA:433,1
DA:437,6
DA:442,3
DA:444,3
DA:445,3
DA:446,1
DA:447,3
DA:448,3
DA:449,3
DA:450,3
DA:452,1
DA:454,2
DA:455,1
DA:456,3
DA:457,3
DA:458,3
DA:459,3
DA:461,1
DA:463,1
DA:464,3
DA:465,3
DA:466,3
DA:467,3
DA:469,1
DA:473,1
LF:249
LH:249
BRDA:10,0,0,3
BRDA:12,1,0,3
BRDA:12,1,1,10
BRDA:12,2,0,13
BRDA:12,2,1,12
BRDA:12,2,2,11
BRDA:15,3,0,1
BRDA:15,3,1,9
BRDA:18,4,0,4
BRDA:18,4,1,5
BRDA:19,5,0,9
BRDA:19,5,1,8
BRDA:19,5,2,7
BRDA:34,6,0,2
BRDA:34,6,1,4
BRDA:34,7,0,6
BRDA:34,7,1,5
BRDA:37,8,0,1
BRDA:37,8,1,3
BRDA:43,9,0,2
BRDA:45,10,0,3
BRDA:45,10,1,13
BRDA:45,11,0,16
BRDA:45,11,1,15
BRDA:45,11,2,14
BRDA:48,12,0,1
BRDA:48,12,1,12
BRDA:51,13,0,4
BRDA:51,13,1,8
BRDA:52,14,0,12
BRDA:52,14,1,11
BRDA:52,14,2,10
BRDA:52,14,3,9
BRDA:65,15,0,3
BRDA:65,15,1,5
BRDA:65,16,0,8
BRDA:65,16,1,7
BRDA:65,16,2,6
BRDA:68,17,0,1
BRDA:68,17,1,4
BRDA:73,18,0,1
BRDA:73,18,1,3
BRDA:73,19,0,4
BRDA:73,19,1,2
BRDA:78,20,0,2
BRDA:78,20,1,3
BRDA:86,21,0,1
BRDA:86,21,1,2
BRDA:89,22,0,1
BRDA:89,22,1,2
BRDA:94,23,0,1
BRDA:94,23,1,2
BRDA:99,24,0,3
BRDA:99,24,1,4
BRDA:107,25,0,2
BRDA:108,26,0,2
BRDA:108,26,1,9
BRDA:108,27,0,11
BRDA:108,27,1,10
BRDA:111,28,0,1
BRDA:111,28,1,8
BRDA:114,29,0,5
BRDA:114,29,1,3
BRDA:115,30,0,8
BRDA:115,30,1,7
BRDA:115,30,2,6
BRDA:115,30,3,4
BRDA:130,31,0,2
BRDA:130,31,1,8
BRDA:130,32,0,10
BRDA:130,32,1,9
BRDA:133,33,0,1
BRDA:133,33,1,7
BRDA:136,34,0,3
BRDA:136,34,1,4
BRDA:136,35,0,7
BRDA:136,35,1,5
BRDA:143,36,0,1
BRDA:143,36,1,3
BRDA:143,37,0,4
BRDA:143,37,1,2
BRDA:151,38,0,1
BRDA:151,38,1,2
BRDA:154,39,0,1
BRDA:154,39,1,2
BRDA:159,40,0,1
BRDA:159,40,1,2
BRDA:168,41,0,1
BRDA:168,41,1,5
BRDA:171,42,0,1
BRDA:171,42,1,4
BRDA:176,43,0,1
BRDA:176,43,1,3
BRDA:176,44,0,4
BRDA:176,44,1,2
BRDA:181,45,0,2
BRDA:181,45,1,2
BRDA:191,46,0,1
BRDA:191,46,1,3
BRDA:194,47,0,1
BRDA:194,47,1,3
BRDA:199,48,0,1
BRDA:199,48,1,3
BRDA:207,49,0,15
BRDA:208,50,0,1
BRDA:208,50,1,15
BRDA:208,51,0,16
BRDA:208,51,1,2
BRDA:211,52,0,1
BRDA:211,52,1,14
BRDA:215,53,0,1
BRDA:215,53,1,13
BRDA:215,54,0,14
BRDA:215,54,1,10
BRDA:217,55,0,1
BRDA:217,55,1,3
BRDA:225,56,0,10
BRDA:225,56,1,20
BRDA:234,57,0,1
BRDA:234,57,1,6
BRDA:237,58,0,1
BRDA:237,58,1,5
BRDA:240,59,0,3
BRDA:240,59,1,2
BRDA:241,60,0,5
BRDA:241,60,1,4
BRDA:241,60,2,3
BRDA:241,60,3,3
BRDA:250,61,0,1
BRDA:250,61,1,1
BRDA:265,62,0,1
BRDA:265,62,1,4
BRDA:268,63,0,1
BRDA:268,63,1,3
BRDA:268,64,0,4
BRDA:268,64,1,1
BRDA:274,65,0,1
BRDA:274,65,1,7
BRDA:277,66,0,1
BRDA:277,66,1,6
BRDA:293,67,0,3
BRDA:293,67,1,5
BRDA:294,68,0,8
BRDA:294,68,1,7
BRDA:294,68,2,6
BRDA:300,69,0,1
BRDA:300,69,1,4
BRDA:304,70,0,1
BRDA:304,70,1,3
BRDA:305,71,0,4
BRDA:305,71,1,3
BRDA:305,71,2,3
BRDA:314,72,0,2
BRDA:314,72,1,1
BRDA:315,73,0,1
BRDA:315,73,1,1
BRDA:331,74,0,3
BRDA:331,74,1,3
BRDA:332,75,0,6
BRDA:332,75,1,5
BRDA:332,75,2,4
BRDA:338,76,0,1
BRDA:338,76,1,2
BRDA:338,77,0,3
BRDA:338,77,1,2
BRDA:342,78,0,1
BRDA:342,78,1,1
BRDA:349,79,0,1
BRDA:349,79,1,2
BRDA:357,80,0,3
BRDA:357,80,1,3
BRDA:358,81,0,6
BRDA:358,81,1,5
BRDA:358,81,2,4
BRDA:365,82,0,1
BRDA:365,82,1,2
BRDA:371,83,0,1
BRDA:371,83,1,1
BRDA:376,84,0,1
BRDA:376,84,1,2
BRDA:384,85,0,3
BRDA:384,85,1,3
BRDA:385,86,0,6
BRDA:385,86,1,5
BRDA:385,86,2,4
BRDA:391,87,0,1
BRDA:391,87,1,2
BRDA:391,88,0,3
BRDA:391,88,1,2
BRDA:395,89,0,1
BRDA:395,89,1,1
BRDA:402,90,0,2
BRDA:402,90,1,1
BRDA:410,91,0,3
BRDA:410,91,1,3
BRDA:411,92,0,6
BRDA:411,92,1,5
BRDA:411,92,2,4
BRDA:417,93,0,1
BRDA:417,93,1,2
BRDA:417,94,0,3
BRDA:417,94,1,2
BRDA:421,95,0,1
BRDA:421,95,1,1
BRDA:429,96,0,2
BRDA:429,96,1,1
BRDA:437,97,0,3
BRDA:437,97,1,3
BRDA:438,98,0,6
BRDA:438,98,1,5
BRDA:438,98,2,4
BRDA:445,99,0,1
BRDA:445,99,1,2
BRDA:454,100,0,1
BRDA:454,100,1,1
BRF:215
BRH:215
end_of_record
TN:
SF:costom methods/service-methods.js
FN:1,sPush
FN:8,sSlice
FN:38,sFind
FN:49,sFilter
FN:59,sForEach
FNF:5
FNH:5
FNDA:123,sPush
FNDA:35,sSlice
FNDA:5,sFind
FNDA:9,sFilter
FNDA:4,sForEach
DA:2,123
DA:3,123
DA:5,123
DA:10,35
DA:11,35
DA:13,35
DA:14,1
DA:16,34
DA:17,13
DA:19,34
DA:20,8
DA:23,34
DA:24,1
DA:26,34
DA:27,1
DA:29,34
DA:30,2
DA:32,32
DA:33,70
DA:35,32
DA:40,5
DA:41,8
DA:42,5
DA:43,5
DA:46,5
DA:50,9
DA:51,9
DA:52,31
DA:53,13
DA:56,9
DA:60,4
DA:61,14
DA:65,2
LF:33
LH:33
BRDA:13,0,0,1
BRDA:13,0,1,34
BRDA:16,1,0,13
BRDA:16,1,1,21
BRDA:16,2,0,34
BRDA:16,2,1,22
BRDA:19,3,0,8
BRDA:19,3,1,26
BRDA:19,4,0,34
BRDA:19,4,1,30
BRDA:23,5,0,1
BRDA:23,5,1,33
BRDA:23,6,0,34
BRDA:23,6,1,1
BRDA:26,7,0,1
BRDA:26,7,1,33
BRDA:26,8,0,34
BRDA:26,8,1,2
BRDA:29,9,0,2
BRDA:29,9,1,32
BRDA:41,10,0,5
BRDA:41,10,1,3
BRDA:52,11,0,13
BRDA:52,11,1,18
BRF:24
BRH:24
end_of_record
